lmezenw, 59603, Wed May 28 16:35:43 2014

Avatar Id: 0, Move: 3
xlast: -1, ylast: -1, xcurr: 4, ycurr: 9
Avatar Id: 1, Move: 3
xlast: -1, ylast: -1, xcurr: 3, ycurr: 7
Avatar Id: 0, Move: 2
xlast: 4, ylast: 9, xcurr: 5, ycurr: 9
Avatar Id: 1, Move: 1
xlast: 3, ylast: 7, xcurr: 3, ycurr: 7
Avatar Id: 0, Move: 3
xlast: 5, ylast: 9, xcurr: 5, ycurr: 9
Avatar Id: 1, Move: 3
xlast: 3, ylast: 7, xcurr: 3, ycurr: 6
Avatar Id: 0, Move: 2
xlast: 5, ylast: 9, xcurr: 6, ycurr: 9
Avatar Id: 1, Move: 2
xlast: 3, ylast: 6, xcurr: 4, ycurr: 6
Avatar Id: 0, Move: 3
xlast: 6, ylast: 9, xcurr: 6, ycurr: 9
Avatar Id: 1, Move: 0
xlast: 4, ylast: 6, xcurr: 4, ycurr: 7
Avatar Id: 0, Move: 2
xlast: 6, ylast: 9, xcurr: 7, ycurr: 9
Avatar Id: 1, Move: 2
xlast: 4, ylast: 7, xcurr: 4, ycurr: 7
Avatar Id: 0, Move: 3
xlast: 7, ylast: 9, xcurr: 7, ycurr: 9
Avatar Id: 1, Move: 0
xlast: 4, ylast: 7, xcurr: 4, ycurr: 8
Avatar Id: 0, Move: 1
xlast: 7, ylast: 9, xcurr: 7, ycurr: 9
Avatar Id: 1, Move: 2
xlast: 4, ylast: 8, xcurr: 4, ycurr: 8
Avatar Id: 0, Move: 3
xlast: 7, ylast: 9, xcurr: 7, ycurr: 8
Avatar Id: 1, Move: 3
xlast: 4, ylast: 8, xcurr: 4, ycurr: 8
Avatar Id: 0, Move: 1
xlast: 7, ylast: 8, xcurr: 7, ycurr: 8
Avatar Id: 1, Move: 2
xlast: 4, ylast: 8, xcurr: 5, ycurr: 8
Avatar Id: 0, Move: 0
xlast: 7, ylast: 8, xcurr: 7, ycurr: 8
Avatar Id: 1, Move: 3
xlast: 5, ylast: 8, xcurr: 5, ycurr: 8
Avatar Id: 0, Move: 2
xlast: 7, ylast: 8, xcurr: 7, ycurr: 8
Avatar Id: 1, Move: 2
xlast: 5, ylast: 8, xcurr: 6, ycurr: 8
Avatar Id: 0, Move: 0
xlast: 7, ylast: 8, xcurr: 7, ycurr: 9
Avatar Id: 1, Move: 3
xlast: 6, ylast: 8, xcurr: 6, ycurr: 8
Avatar Id: 0, Move: 1
xlast: 7, ylast: 9, xcurr: 6, ycurr: 9
Avatar Id: 1, Move: 1
xlast: 6, ylast: 8, xcurr: 6, ycurr: 8
Avatar Id: 0, Move: 0
xlast: 6, ylast: 9, xcurr: 6, ycurr: 9
Avatar Id: 1, Move: 3
xlast: 6, ylast: 8, xcurr: 6, ycurr: 7
Avatar Id: 0, Move: 1
xlast: 6, ylast: 9, xcurr: 5, ycurr: 9
Avatar Id: 1, Move: 2
xlast: 6, ylast: 7, xcurr: 7, ycurr: 7
Avatar Id: 0, Move: 0
xlast: 5, ylast: 9, xcurr: 5, ycurr: 9
Avatar Id: 1, Move: 3
xlast: 7, ylast: 7, xcurr: 7, ycurr: 7
Avatar Id: 0, Move: 1
xlast: 5, ylast: 9, xcurr: 4, ycurr: 9
Avatar Id: 1, Move: 1
xlast: 7, ylast: 7, xcurr: 7, ycurr: 7
Avatar Id: 0, Move: 0
xlast: 4, ylast: 9, xcurr: 4, ycurr: 9
Avatar Id: 1, Move: 3
xlast: 7, ylast: 7, xcurr: 7, ycurr: 6
Avatar Id: 0, Move: 1
xlast: 4, ylast: 9, xcurr: 3, ycurr: 9
Avatar Id: 1, Move: 1
xlast: 7, ylast: 6, xcurr: 7, ycurr: 6
Avatar Id: 0, Move: 3
xlast: 3, ylast: 9, xcurr: 3, ycurr: 8
Avatar Id: 1, Move: 3
xlast: 7, ylast: 6, xcurr: 7, ycurr: 5
Avatar Id: 0, Move: 3
xlast: 3, ylast: 8, xcurr: 3, ycurr: 8
Avatar Id: 1, Move: 2
xlast: 7, ylast: 5, xcurr: 8, ycurr: 5
Avatar Id: 0, Move: 3
xlast: 3, ylast: 8, xcurr: 3, ycurr: 8
Avatar Id: 1, Move: 3
xlast: 8, ylast: 5, xcurr: 8, ycurr: 5
Avatar Id: 0, Move: 3
xlast: 3, ylast: 8, xcurr: 3, ycurr: 8
Avatar Id: 1, Move: 2
xlast: 8, ylast: 5, xcurr: 9, ycurr: 5
Avatar Id: 0, Move: 3
xlast: 3, ylast: 8, xcurr: 3, ycurr: 8
Avatar Id: 1, Move: 0
xlast: 9, ylast: 5, xcurr: 9, ycurr: 6
Avatar Id: 0, Move: 3
xlast: 3, ylast: 8, xcurr: 3, ycurr: 8
Avatar Id: 1, Move: 1
xlast: 9, ylast: 6, xcurr: 8, ycurr: 6
Avatar Id: 0, Move: 3
xlast: 3, ylast: 8, xcurr: 3, ycurr: 8
Avatar Id: 1, Move: 0
xlast: 8, ylast: 6, xcurr: 8, ycurr: 6
Avatar Id: 0, Move: 3
xlast: 3, ylast: 8, xcurr: 3, ycurr: 8
Avatar Id: 1, Move: 2
xlast: 8, ylast: 6, xcurr: 8, ycurr: 6
Avatar Id: 0, Move: 3
xlast: 3, ylast: 8, xcurr: 3, ycurr: 8
Avatar Id: 1, Move: 0
xlast: 8, ylast: 6, xcurr: 8, ycurr: 7
Avatar Id: 0, Move: 3
xlast: 3, ylast: 8, xcurr: 3, ycurr: 8
Avatar Id: 1, Move: 2
xlast: 8, ylast: 7, xcurr: 8, ycurr: 7
Avatar Id: 0, Move: 3
xlast: 3, ylast: 8, xcurr: 3, ycurr: 8
Avatar Id: 1, Move: 0
xlast: 8, ylast: 7, xcurr: 8, ycurr: 8
Avatar Id: 0, Move: 3
xlast: 3, ylast: 8, xcurr: 3, ycurr: 8
Avatar Id: 1, Move: 2
xlast: 8, ylast: 8, xcurr: 8, ycurr: 8
Avatar Id: 0, Move: 3
xlast: 3, ylast: 8, xcurr: 3, ycurr: 8
Avatar Id: 1, Move: 3
xlast: 8, ylast: 8, xcurr: 8, ycurr: 8
Avatar Id: 0, Move: 3
xlast: 3, ylast: 8, xcurr: 3, ycurr: 8
Avatar Id: 1, Move: 2
xlast: 8, ylast: 8, xcurr: 9, ycurr: 8
Avatar Id: 0, Move: 3
xlast: 3, ylast: 8, xcurr: 3, ycurr: 8
Avatar Id: 1, Move: 0
xlast: 9, ylast: 8, xcurr: 9, ycurr: 9
Avatar Id: 0, Move: 3
xlast: 3, ylast: 8, xcurr: 3, ycurr: 8
Avatar Id: 1, Move: 1
xlast: 9, ylast: 9, xcurr: 8, ycurr: 9
Avatar Id: 0, Move: 3
xlast: 3, ylast: 8, xcurr: 3, ycurr: 8
Avatar Id: 1, Move: 0
xlast: 8, ylast: 9, xcurr: 8, ycurr: 9
Avatar Id: 0, Move: 3
xlast: 3, ylast: 8, xcurr: 3, ycurr: 8
Avatar Id: 1, Move: 2
xlast: 8, ylast: 9, xcurr: 8, ycurr: 9
Avatar Id: 0, Move: 3
xlast: 3, ylast: 8, xcurr: 3, ycurr: 8
Avatar Id: 1, Move: 3
xlast: 8, ylast: 9, xcurr: 8, ycurr: 9
Avatar Id: 0, Move: 3
xlast: 3, ylast: 8, xcurr: 3, ycurr: 8
Avatar Id: 1, Move: 2
xlast: 8, ylast: 9, xcurr: 9, ycurr: 9
Avatar Id: 0, Move: 3
xlast: 3, ylast: 8, xcurr: 3, ycurr: 8
Avatar Id: 1, Move: 3
xlast: 9, ylast: 9, xcurr: 9, ycurr: 9
Avatar Id: 0, Move: 3
xlast: 3, ylast: 8, xcurr: 3, ycurr: 8
Avatar Id: 1, Move: 2
xlast: 9, ylast: 9, xcurr: 10, ycurr: 9
Avatar Id: 0, Move: 3
xlast: 3, ylast: 8, xcurr: 3, ycurr: 8
Avatar Id: 1, Move: 3
xlast: 10, ylast: 9, xcurr: 10, ycurr: 9
Avatar Id: 0, Move: 3
xlast: 3, ylast: 8, xcurr: 3, ycurr: 8
Avatar Id: 1, Move: 2
xlast: 10, ylast: 9, xcurr: 11, ycurr: 9
Avatar Id: 0, Move: 3
xlast: 3, ylast: 8, xcurr: 3, ycurr: 8
Avatar Id: 1, Move: 3
xlast: 11, ylast: 9, xcurr: 11, ycurr: 9
Avatar Id: 0, Move: 3
xlast: 3, ylast: 8, xcurr: 3, ycurr: 8
Avatar Id: 1, Move: 1
xlast: 11, ylast: 9, xcurr: 11, ycurr: 9
Avatar Id: 0, Move: 3
xlast: 3, ylast: 8, xcurr: 3, ycurr: 8
Avatar Id: 1, Move: 3
xlast: 11, ylast: 9, xcurr: 11, ycurr: 8
Avatar Id: 0, Move: 3
xlast: 3, ylast: 8, xcurr: 3, ycurr: 8
Avatar Id: 1, Move: 1
xlast: 11, ylast: 8, xcurr: 11, ycurr: 8
Avatar Id: 0, Move: 3
xlast: 3, ylast: 8, xcurr: 3, ycurr: 8
Avatar Id: 1, Move: 0
xlast: 11, ylast: 8, xcurr: 11, ycurr: 8
Avatar Id: 0, Move: 3
xlast: 3, ylast: 8, xcurr: 3, ycurr: 8
Avatar Id: 1, Move: 1
xlast: 11, ylast: 8, xcurr: 10, ycurr: 8
Avatar Id: 0, Move: 3
xlast: 3, ylast: 8, xcurr: 3, ycurr: 8
Avatar Id: 1, Move: 3
xlast: 10, ylast: 8, xcurr: 10, ycurr: 7
Avatar Id: 0, Move: 3
xlast: 3, ylast: 8, xcurr: 3, ycurr: 8
Avatar Id: 1, Move: 1
xlast: 10, ylast: 7, xcurr: 10, ycurr: 7
Avatar Id: 0, Move: 3
xlast: 3, ylast: 8, xcurr: 3, ycurr: 8
Avatar Id: 1, Move: 3
xlast: 10, ylast: 7, xcurr: 10, ycurr: 6
Avatar Id: 0, Move: 3
xlast: 3, ylast: 8, xcurr: 3, ycurr: 8
Avatar Id: 1, Move: 1
xlast: 10, ylast: 6, xcurr: 10, ycurr: 6
Avatar Id: 0, Move: 3
xlast: 3, ylast: 8, xcurr: 3, ycurr: 8
Avatar Id: 1, Move: 3
xlast: 10, ylast: 6, xcurr: 10, ycurr: 5
Avatar Id: 0, Move: 3
xlast: 3, ylast: 8, xcurr: 3, ycurr: 8
Avatar Id: 1, Move: 1
xlast: 10, ylast: 5, xcurr: 10, ycurr: 5
Avatar Id: 0, Move: 3
xlast: 3, ylast: 8, xcurr: 3, ycurr: 8
Avatar Id: 1, Move: 3
xlast: 10, ylast: 5, xcurr: 10, ycurr: 4
Avatar Id: 0, Move: 3
xlast: 3, ylast: 8, xcurr: 3, ycurr: 8
Avatar Id: 1, Move: 1
xlast: 10, ylast: 4, xcurr: 10, ycurr: 4
Avatar Id: 0, Move: 3
xlast: 3, ylast: 8, xcurr: 3, ycurr: 8
Avatar Id: 1, Move: 0
xlast: 10, ylast: 4, xcurr: 10, ycurr: 4
Avatar Id: 0, Move: 3
xlast: 3, ylast: 8, xcurr: 3, ycurr: 8
Avatar Id: 1, Move: 1
xlast: 10, ylast: 4, xcurr: 9, ycurr: 4
Avatar Id: 0, Move: 3
xlast: 3, ylast: 8, xcurr: 3, ycurr: 8
Avatar Id: 1, Move: 0
xlast: 9, ylast: 4, xcurr: 9, ycurr: 4
Avatar Id: 0, Move: 3
xlast: 3, ylast: 8, xcurr: 3, ycurr: 8
Avatar Id: 1, Move: 1
xlast: 9, ylast: 4, xcurr: 8, ycurr: 4
Avatar Id: 0, Move: 3
xlast: 3, ylast: 8, xcurr: 3, ycurr: 8
Avatar Id: 1, Move: 0
xlast: 8, ylast: 4, xcurr: 8, ycurr: 4
Avatar Id: 0, Move: 3
xlast: 3, ylast: 8, xcurr: 3, ycurr: 8
Avatar Id: 1, Move: 1
xlast: 8, ylast: 4, xcurr: 7, ycurr: 4
Avatar Id: 0, Move: 3
xlast: 3, ylast: 8, xcurr: 3, ycurr: 8
Avatar Id: 1, Move: 3
xlast: 7, ylast: 4, xcurr: 7, ycurr: 3
Avatar Id: 0, Move: 3
xlast: 3, ylast: 8, xcurr: 3, ycurr: 8
Avatar Id: 1, Move: 2
xlast: 7, ylast: 3, xcurr: 8, ycurr: 3
Avatar Id: 0, Move: 3
xlast: 3, ylast: 8, xcurr: 3, ycurr: 8
Avatar Id: 1, Move: 3
xlast: 8, ylast: 3, xcurr: 8, ycurr: 3
Avatar Id: 0, Move: 3
xlast: 3, ylast: 8, xcurr: 3, ycurr: 8
Avatar Id: 1, Move: 1
xlast: 8, ylast: 3, xcurr: 8, ycurr: 3
Avatar Id: 0, Move: 3
xlast: 3, ylast: 8, xcurr: 3, ycurr: 8
Avatar Id: 1, Move: 3
xlast: 8, ylast: 3, xcurr: 8, ycurr: 2
Avatar Id: 0, Move: 3
xlast: 3, ylast: 8, xcurr: 3, ycurr: 8
Avatar Id: 1, Move: 1
xlast: 8, ylast: 2, xcurr: 8, ycurr: 2
Avatar Id: 0, Move: 3
xlast: 3, ylast: 8, xcurr: 3, ycurr: 8
Avatar Id: 1, Move: 3
xlast: 8, ylast: 2, xcurr: 8, ycurr: 1
Avatar Id: 0, Move: 3
xlast: 3, ylast: 8, xcurr: 3, ycurr: 8
Avatar Id: 1, Move: 1
xlast: 8, ylast: 1, xcurr: 8, ycurr: 1
Avatar Id: 0, Move: 3
xlast: 3, ylast: 8, xcurr: 3, ycurr: 8
Avatar Id: 1, Move: 3
xlast: 8, ylast: 1, xcurr: 8, ycurr: 0
Avatar Id: 0, Move: 3
xlast: 3, ylast: 8, xcurr: 3, ycurr: 8
Avatar Id: 1, Move: 2
xlast: 8, ylast: 0, xcurr: 9, ycurr: 0
Avatar Id: 0, Move: 3
xlast: 3, ylast: 8, xcurr: 3, ycurr: 8
Avatar Id: 1, Move: 3
xlast: 9, ylast: 0, xcurr: 9, ycurr: 0
Avatar Id: 0, Move: 3
xlast: 3, ylast: 8, xcurr: 3, ycurr: 8
Avatar Id: 1, Move: 2
xlast: 9, ylast: 0, xcurr: 10, ycurr: 0
Avatar Id: 0, Move: 3
xlast: 3, ylast: 8, xcurr: 3, ycurr: 8
Avatar Id: 1, Move: 0
xlast: 10, ylast: 0, xcurr: 10, ycurr: 1
Avatar Id: 0, Move: 3
xlast: 3, ylast: 8, xcurr: 3, ycurr: 8
Avatar Id: 1, Move: 2
xlast: 10, ylast: 1, xcurr: 10, ycurr: 1
Avatar Id: 0, Move: 3
xlast: 3, ylast: 8, xcurr: 3, ycurr: 8
Avatar Id: 1, Move: 3
xlast: 10, ylast: 1, xcurr: 10, ycurr: 1
Avatar Id: 0, Move: 3
xlast: 3, ylast: 8, xcurr: 3, ycurr: 8
Avatar Id: 1, Move: 2
xlast: 10, ylast: 1, xcurr: 11, ycurr: 1
Avatar Id: 0, Move: 3
xlast: 3, ylast: 8, xcurr: 3, ycurr: 8
Avatar Id: 1, Move: 0
xlast: 11, ylast: 1, xcurr: 11, ycurr: 2
Avatar Id: 0, Move: 3
xlast: 3, ylast: 8, xcurr: 3, ycurr: 8
Avatar Id: 1, Move: 2
xlast: 11, ylast: 2, xcurr: 11, ycurr: 2
Avatar Id: 0, Move: 3
xlast: 3, ylast: 8, xcurr: 3, ycurr: 8
Avatar Id: 1, Move: 0
xlast: 11, ylast: 2, xcurr: 11, ycurr: 3
Avatar Id: 0, Move: 3
xlast: 3, ylast: 8, xcurr: 3, ycurr: 8
Avatar Id: 1, Move: 1
xlast: 11, ylast: 3, xcurr: 10, ycurr: 3
Avatar Id: 0, Move: 3
xlast: 3, ylast: 8, xcurr: 3, ycurr: 8
Avatar Id: 1, Move: 3
xlast: 10, ylast: 3, xcurr: 10, ycurr: 2
Avatar Id: 0, Move: 3
xlast: 3, ylast: 8, xcurr: 3, ycurr: 8
Avatar Id: 1, Move: 1
xlast: 10, ylast: 2, xcurr: 10, ycurr: 2
Avatar Id: 0, Move: 3
xlast: 3, ylast: 8, xcurr: 3, ycurr: 8
Avatar Id: 1, Move: 0
xlast: 10, ylast: 2, xcurr: 10, ycurr: 2
Avatar Id: 0, Move: 3
xlast: 3, ylast: 8, xcurr: 3, ycurr: 8
Avatar Id: 1, Move: 1
xlast: 10, ylast: 2, xcurr: 9, ycurr: 2
Avatar Id: 0, Move: 3
xlast: 3, ylast: 8, xcurr: 3, ycurr: 8
Avatar Id: 1, Move: 3
xlast: 9, ylast: 2, xcurr: 9, ycurr: 1
Avatar Id: 0, Move: 3
xlast: 3, ylast: 8, xcurr: 3, ycurr: 8
Avatar Id: 1, Move: 1
xlast: 9, ylast: 1, xcurr: 9, ycurr: 1
Avatar Id: 0, Move: 3
xlast: 3, ylast: 8, xcurr: 3, ycurr: 8
Avatar Id: 1, Move: 0
xlast: 9, ylast: 1, xcurr: 9, ycurr: 1
Avatar Id: 0, Move: 3
xlast: 3, ylast: 8, xcurr: 3, ycurr: 8
Avatar Id: 1, Move: 2
xlast: 9, ylast: 1, xcurr: 9, ycurr: 1
Avatar Id: 0, Move: 3
xlast: 3, ylast: 8, xcurr: 3, ycurr: 8
Avatar Id: 1, Move: 0
xlast: 9, ylast: 1, xcurr: 9, ycurr: 2
Avatar Id: 0, Move: 3
xlast: 3, ylast: 8, xcurr: 3, ycurr: 8
Avatar Id: 1, Move: 2
xlast: 9, ylast: 2, xcurr: 9, ycurr: 2
Avatar Id: 0, Move: 3
xlast: 3, ylast: 8, xcurr: 3, ycurr: 8
Avatar Id: 1, Move: 0
xlast: 9, ylast: 2, xcurr: 9, ycurr: 3
Avatar Id: 0, Move: 3
xlast: 3, ylast: 8, xcurr: 3, ycurr: 8
Avatar Id: 1, Move: 2
xlast: 9, ylast: 3, xcurr: 9, ycurr: 3
Avatar Id: 0, Move: 3
xlast: 3, ylast: 8, xcurr: 3, ycurr: 8
Avatar Id: 1, Move: 3
xlast: 9, ylast: 3, xcurr: 9, ycurr: 3
Avatar Id: 0, Move: 3
xlast: 3, ylast: 8, xcurr: 3, ycurr: 8
Avatar Id: 1, Move: 1
xlast: 9, ylast: 3, xcurr: 9, ycurr: 3
Avatar Id: 0, Move: 3
xlast: 3, ylast: 8, xcurr: 3, ycurr: 8
Avatar Id: 1, Move: 3
xlast: 9, ylast: 3, xcurr: 9, ycurr: 2
Avatar Id: 0, Move: 3
xlast: 3, ylast: 8, xcurr: 3, ycurr: 8
Avatar Id: 1, Move: 2
xlast: 9, ylast: 2, xcurr: 10, ycurr: 2
Avatar Id: 0, Move: 3
xlast: 3, ylast: 8, xcurr: 3, ycurr: 8
Avatar Id: 1, Move: 0
xlast: 10, ylast: 2, xcurr: 10, ycurr: 3
Avatar Id: 0, Move: 3
xlast: 3, ylast: 8, xcurr: 3, ycurr: 8
Avatar Id: 1, Move: 2
xlast: 10, ylast: 3, xcurr: 10, ycurr: 3
Avatar Id: 0, Move: 3
xlast: 3, ylast: 8, xcurr: 3, ycurr: 8
Avatar Id: 1, Move: 3
xlast: 10, ylast: 3, xcurr: 10, ycurr: 3
Avatar Id: 0, Move: 3
xlast: 3, ylast: 8, xcurr: 3, ycurr: 8
Avatar Id: 1, Move: 2
xlast: 10, ylast: 3, xcurr: 11, ycurr: 3
Avatar Id: 0, Move: 3
xlast: 3, ylast: 8, xcurr: 3, ycurr: 8
Avatar Id: 1, Move: 0
xlast: 11, ylast: 3, xcurr: 11, ycurr: 4
Avatar Id: 0, Move: 3
xlast: 3, ylast: 8, xcurr: 3, ycurr: 8
Avatar Id: 1, Move: 2
xlast: 11, ylast: 4, xcurr: 11, ycurr: 4
Avatar Id: 0, Move: 3
xlast: 3, ylast: 8, xcurr: 3, ycurr: 8
Avatar Id: 1, Move: 0
xlast: 11, ylast: 4, xcurr: 11, ycurr: 5
Avatar Id: 0, Move: 3
xlast: 3, ylast: 8, xcurr: 3, ycurr: 8
Avatar Id: 1, Move: 2
xlast: 11, ylast: 5, xcurr: 11, ycurr: 5
Avatar Id: 0, Move: 3
xlast: 3, ylast: 8, xcurr: 3, ycurr: 8
Avatar Id: 1, Move: 0
xlast: 11, ylast: 5, xcurr: 11, ycurr: 6
Avatar Id: 0, Move: 3
xlast: 3, ylast: 8, xcurr: 3, ycurr: 8
Avatar Id: 1, Move: 2
xlast: 11, ylast: 6, xcurr: 11, ycurr: 6
Avatar Id: 0, Move: 3
xlast: 3, ylast: 8, xcurr: 3, ycurr: 8
Avatar Id: 1, Move: 0
xlast: 11, ylast: 6, xcurr: 11, ycurr: 7
Avatar Id: 0, Move: 3
xlast: 3, ylast: 8, xcurr: 3, ycurr: 8
Avatar Id: 1, Move: 2
xlast: 11, ylast: 7, xcurr: 11, ycurr: 7
Avatar Id: 0, Move: 3
xlast: 3, ylast: 8, xcurr: 3, ycurr: 8
Avatar Id: 1, Move: 3
xlast: 11, ylast: 7, xcurr: 11, ycurr: 7
Avatar Id: 0, Move: 3
xlast: 3, ylast: 8, xcurr: 3, ycurr: 8
Avatar Id: 1, Move: 1
xlast: 11, ylast: 7, xcurr: 11, ycurr: 7
Avatar Id: 0, Move: 3
xlast: 3, ylast: 8, xcurr: 3, ycurr: 8
Avatar Id: 1, Move: 3
xlast: 11, ylast: 7, xcurr: 11, ycurr: 6
Avatar Id: 0, Move: 3
xlast: 3, ylast: 8, xcurr: 3, ycurr: 8
Avatar Id: 1, Move: 1
xlast: 11, ylast: 6, xcurr: 11, ycurr: 6
Avatar Id: 0, Move: 3
xlast: 3, ylast: 8, xcurr: 3, ycurr: 8
Avatar Id: 1, Move: 3
xlast: 11, ylast: 6, xcurr: 11, ycurr: 5
Avatar Id: 0, Move: 3
xlast: 3, ylast: 8, xcurr: 3, ycurr: 8
Avatar Id: 1, Move: 1
xlast: 11, ylast: 5, xcurr: 11, ycurr: 5
Avatar Id: 0, Move: 3
xlast: 3, ylast: 8, xcurr: 3, ycurr: 8
Avatar Id: 1, Move: 3
xlast: 11, ylast: 5, xcurr: 11, ycurr: 4
Avatar Id: 0, Move: 3
xlast: 3, ylast: 8, xcurr: 3, ycurr: 8
Avatar Id: 1, Move: 1
xlast: 11, ylast: 4, xcurr: 11, ycurr: 4
Avatar Id: 0, Move: 3
xlast: 3, ylast: 8, xcurr: 3, ycurr: 8
Avatar Id: 1, Move: 3
xlast: 11, ylast: 4, xcurr: 11, ycurr: 3
Avatar Id: 0, Move: 3
xlast: 3, ylast: 8, xcurr: 3, ycurr: 8
Avatar Id: 1, Move: 1
xlast: 11, ylast: 3, xcurr: 11, ycurr: 3
Avatar Id: 0, Move: 3
xlast: 3, ylast: 8, xcurr: 3, ycurr: 8
Avatar Id: 1, Move: 3
xlast: 11, ylast: 3, xcurr: 11, ycurr: 2
Avatar Id: 0, Move: 3
xlast: 3, ylast: 8, xcurr: 3, ycurr: 8
Avatar Id: 1, Move: 1
xlast: 11, ylast: 2, xcurr: 11, ycurr: 2
Avatar Id: 0, Move: 3
xlast: 3, ylast: 8, xcurr: 3, ycurr: 8
Avatar Id: 1, Move: 3
xlast: 11, ylast: 2, xcurr: 11, ycurr: 1
Avatar Id: 0, Move: 3
xlast: 3, ylast: 8, xcurr: 3, ycurr: 8
Avatar Id: 1, Move: 1
xlast: 11, ylast: 1, xcurr: 11, ycurr: 1
Avatar Id: 0, Move: 3
xlast: 3, ylast: 8, xcurr: 3, ycurr: 8
Avatar Id: 1, Move: 3
xlast: 11, ylast: 1, xcurr: 11, ycurr: 0
Avatar Id: 0, Move: 3
xlast: 3, ylast: 8, xcurr: 3, ycurr: 8
Avatar Id: 1, Move: 1
xlast: 11, ylast: 0, xcurr: 11, ycurr: 0
Avatar Id: 0, Move: 3
xlast: 3, ylast: 8, xcurr: 3, ycurr: 8
Avatar Id: 1, Move: 0
xlast: 11, ylast: 0, xcurr: 11, ycurr: 0
Avatar Id: 0, Move: 3
xlast: 3, ylast: 8, xcurr: 3, ycurr: 8
Avatar Id: 1, Move: 2
xlast: 11, ylast: 0, xcurr: 11, ycurr: 0
Avatar Id: 0, Move: 3
xlast: 3, ylast: 8, xcurr: 3, ycurr: 8
Avatar Id: 1, Move: 0
xlast: 11, ylast: 0, xcurr: 11, ycurr: 1
Avatar Id: 0, Move: 3
xlast: 3, ylast: 8, xcurr: 3, ycurr: 8
Avatar Id: 1, Move: 1
xlast: 11, ylast: 1, xcurr: 10, ycurr: 1
Avatar Id: 0, Move: 3
xlast: 3, ylast: 8, xcurr: 3, ycurr: 8
Avatar Id: 1, Move: 3
xlast: 10, ylast: 1, xcurr: 10, ycurr: 0
Avatar Id: 0, Move: 3
xlast: 3, ylast: 8, xcurr: 3, ycurr: 8
Avatar Id: 1, Move: 1
xlast: 10, ylast: 0, xcurr: 10, ycurr: 0
Avatar Id: 0, Move: 3
xlast: 3, ylast: 8, xcurr: 3, ycurr: 8
Avatar Id: 1, Move: 0
xlast: 10, ylast: 0, xcurr: 10, ycurr: 0
Avatar Id: 0, Move: 3
xlast: 3, ylast: 8, xcurr: 3, ycurr: 8
Avatar Id: 1, Move: 1
xlast: 10, ylast: 0, xcurr: 9, ycurr: 0
Avatar Id: 0, Move: 3
xlast: 3, ylast: 8, xcurr: 3, ycurr: 8
Avatar Id: 1, Move: 0
xlast: 9, ylast: 0, xcurr: 9, ycurr: 0
Avatar Id: 0, Move: 3
xlast: 3, ylast: 8, xcurr: 3, ycurr: 8
Avatar Id: 1, Move: 1
xlast: 9, ylast: 0, xcurr: 8, ycurr: 0
Avatar Id: 0, Move: 3
xlast: 3, ylast: 8, xcurr: 3, ycurr: 8
Avatar Id: 1, Move: 0
xlast: 8, ylast: 0, xcurr: 8, ycurr: 0
Avatar Id: 0, Move: 3
xlast: 3, ylast: 8, xcurr: 3, ycurr: 8
Avatar Id: 1, Move: 1
xlast: 8, ylast: 0, xcurr: 7, ycurr: 0
Avatar Id: 0, Move: 3
xlast: 3, ylast: 8, xcurr: 3, ycurr: 8
Avatar Id: 1, Move: 0
xlast: 7, ylast: 0, xcurr: 7, ycurr: 0
Avatar Id: 0, Move: 3
xlast: 3, ylast: 8, xcurr: 3, ycurr: 8
Avatar Id: 1, Move: 1
xlast: 7, ylast: 0, xcurr: 6, ycurr: 0
Avatar Id: 0, Move: 3
xlast: 3, ylast: 8, xcurr: 3, ycurr: 8
Avatar Id: 1, Move: 0
xlast: 6, ylast: 0, xcurr: 6, ycurr: 0
Avatar Id: 0, Move: 3
xlast: 3, ylast: 8, xcurr: 3, ycurr: 8
Avatar Id: 1, Move: 2
xlast: 6, ylast: 0, xcurr: 6, ycurr: 0
Avatar Id: 0, Move: 3
xlast: 3, ylast: 8, xcurr: 3, ycurr: 8
Avatar Id: 1, Move: 0
xlast: 6, ylast: 0, xcurr: 6, ycurr: 1
Avatar Id: 0, Move: 3
xlast: 3, ylast: 8, xcurr: 3, ycurr: 8
Avatar Id: 1, Move: 2
xlast: 6, ylast: 1, xcurr: 6, ycurr: 1
Avatar Id: 0, Move: 3
xlast: 3, ylast: 8, xcurr: 3, ycurr: 8
Avatar Id: 1, Move: 0
xlast: 6, ylast: 1, xcurr: 6, ycurr: 2
Avatar Id: 0, Move: 3
xlast: 3, ylast: 8, xcurr: 3, ycurr: 8
Avatar Id: 1, Move: 1
xlast: 6, ylast: 2, xcurr: 5, ycurr: 2
Avatar Id: 0, Move: 3
xlast: 3, ylast: 8, xcurr: 3, ycurr: 8
Avatar Id: 1, Move: 0
xlast: 5, ylast: 2, xcurr: 5, ycurr: 2
Avatar Id: 0, Move: 3
xlast: 3, ylast: 8, xcurr: 3, ycurr: 8
Avatar Id: 1, Move: 1
xlast: 5, ylast: 2, xcurr: 4, ycurr: 2
Avatar Id: 0, Move: 3
xlast: 3, ylast: 8, xcurr: 3, ycurr: 8
Avatar Id: 1, Move: 0
xlast: 4, ylast: 2, xcurr: 4, ycurr: 2
Avatar Id: 0, Move: 3
xlast: 3, ylast: 8, xcurr: 3, ycurr: 8
Avatar Id: 1, Move: 1
xlast: 4, ylast: 2, xcurr: 3, ycurr: 2
Avatar Id: 0, Move: 3
xlast: 3, ylast: 8, xcurr: 3, ycurr: 8
Avatar Id: 1, Move: 3
xlast: 3, ylast: 2, xcurr: 3, ycurr: 1
Avatar Id: 0, Move: 3
xlast: 3, ylast: 8, xcurr: 3, ycurr: 8
Avatar Id: 1, Move: 1
xlast: 3, ylast: 1, xcurr: 3, ycurr: 1
Avatar Id: 0, Move: 3
xlast: 3, ylast: 8, xcurr: 3, ycurr: 8
Avatar Id: 1, Move: 0
xlast: 3, ylast: 1, xcurr: 3, ycurr: 1
Avatar Id: 0, Move: 3
xlast: 3, ylast: 8, xcurr: 3, ycurr: 8
Avatar Id: 1, Move: 1
xlast: 3, ylast: 1, xcurr: 2, ycurr: 1
Avatar Id: 0, Move: 3
xlast: 3, ylast: 8, xcurr: 3, ycurr: 8
Avatar Id: 1, Move: 0
xlast: 2, ylast: 1, xcurr: 2, ycurr: 1
Avatar Id: 0, Move: 3
xlast: 3, ylast: 8, xcurr: 3, ycurr: 8
Avatar Id: 1, Move: 2
xlast: 2, ylast: 1, xcurr: 2, ycurr: 1
Avatar Id: 0, Move: 3
xlast: 3, ylast: 8, xcurr: 3, ycurr: 8
Avatar Id: 1, Move: 0
xlast: 2, ylast: 1, xcurr: 2, ycurr: 2
Avatar Id: 0, Move: 3
xlast: 3, ylast: 8, xcurr: 3, ycurr: 8
Avatar Id: 1, Move: 1
xlast: 2, ylast: 2, xcurr: 1, ycurr: 2
Avatar Id: 0, Move: 3
xlast: 3, ylast: 8, xcurr: 3, ycurr: 8
Avatar Id: 1, Move: 0
xlast: 1, ylast: 2, xcurr: 1, ycurr: 2
Avatar Id: 0, Move: 3
xlast: 3, ylast: 8, xcurr: 3, ycurr: 8
Avatar Id: 1, Move: 1
xlast: 1, ylast: 2, xcurr: 0, ycurr: 2
Avatar Id: 0, Move: 3
xlast: 3, ylast: 8, xcurr: 3, ycurr: 8
Avatar Id: 1, Move: 3
xlast: 0, ylast: 2, xcurr: 0, ycurr: 1
Avatar Id: 0, Move: 3
xlast: 3, ylast: 8, xcurr: 3, ycurr: 8
Avatar Id: 1, Move: 2
xlast: 0, ylast: 1, xcurr: 1, ycurr: 1
Avatar Id: 0, Move: 3
xlast: 3, ylast: 8, xcurr: 3, ycurr: 8
Avatar Id: 1, Move: 3
xlast: 1, ylast: 1, xcurr: 1, ycurr: 1
Avatar Id: 0, Move: 3
xlast: 3, ylast: 8, xcurr: 3, ycurr: 8
Avatar Id: 1, Move: 1
xlast: 1, ylast: 1, xcurr: 1, ycurr: 1
Avatar Id: 0, Move: 3
xlast: 3, ylast: 8, xcurr: 3, ycurr: 8
Avatar Id: 1, Move: 3
xlast: 1, ylast: 1, xcurr: 1, ycurr: 0
Avatar Id: 0, Move: 3
xlast: 3, ylast: 8, xcurr: 3, ycurr: 8
Avatar Id: 1, Move: 2
xlast: 1, ylast: 0, xcurr: 2, ycurr: 0
Avatar Id: 0, Move: 3
xlast: 3, ylast: 8, xcurr: 3, ycurr: 8
Avatar Id: 1, Move: 3
xlast: 2, ylast: 0, xcurr: 2, ycurr: 0
Avatar Id: 0, Move: 3
xlast: 3, ylast: 8, xcurr: 3, ycurr: 8
Avatar Id: 1, Move: 2
xlast: 2, ylast: 0, xcurr: 3, ycurr: 0
Avatar Id: 0, Move: 3
xlast: 3, ylast: 8, xcurr: 3, ycurr: 8
Avatar Id: 1, Move: 3
xlast: 3, ylast: 0, xcurr: 3, ycurr: 0
Avatar Id: 0, Move: 3
xlast: 3, ylast: 8, xcurr: 3, ycurr: 8
Avatar Id: 1, Move: 2
xlast: 3, ylast: 0, xcurr: 4, ycurr: 0
Avatar Id: 0, Move: 3
xlast: 3, ylast: 8, xcurr: 3, ycurr: 8
Avatar Id: 1, Move: 0
xlast: 4, ylast: 0, xcurr: 4, ycurr: 1
Avatar Id: 0, Move: 3
xlast: 3, ylast: 8, xcurr: 3, ycurr: 8
Avatar Id: 1, Move: 2
xlast: 4, ylast: 1, xcurr: 4, ycurr: 1
Avatar Id: 0, Move: 3
xlast: 3, ylast: 8, xcurr: 3, ycurr: 8
Avatar Id: 1, Move: 3
xlast: 4, ylast: 1, xcurr: 4, ycurr: 1
Avatar Id: 0, Move: 3
xlast: 3, ylast: 8, xcurr: 3, ycurr: 8
Avatar Id: 1, Move: 2
xlast: 4, ylast: 1, xcurr: 5, ycurr: 1
Avatar Id: 0, Move: 3
xlast: 3, ylast: 8, xcurr: 3, ycurr: 8
Avatar Id: 1, Move: 3
xlast: 5, ylast: 1, xcurr: 5, ycurr: 1
Avatar Id: 0, Move: 3
xlast: 3, ylast: 8, xcurr: 3, ycurr: 8
Avatar Id: 1, Move: 1
xlast: 5, ylast: 1, xcurr: 5, ycurr: 1
Avatar Id: 0, Move: 3
xlast: 3, ylast: 8, xcurr: 3, ycurr: 8
Avatar Id: 1, Move: 3
xlast: 5, ylast: 1, xcurr: 5, ycurr: 0
Avatar Id: 0, Move: 3
xlast: 3, ylast: 8, xcurr: 3, ycurr: 8
Avatar Id: 1, Move: 1
xlast: 5, ylast: 0, xcurr: 5, ycurr: 0
Avatar Id: 0, Move: 3
xlast: 3, ylast: 8, xcurr: 3, ycurr: 8
Avatar Id: 1, Move: 0
xlast: 5, ylast: 0, xcurr: 5, ycurr: 0
Avatar Id: 0, Move: 3
xlast: 3, ylast: 8, xcurr: 3, ycurr: 8
Avatar Id: 1, Move: 2
xlast: 5, ylast: 0, xcurr: 5, ycurr: 0
Avatar Id: 0, Move: 3
xlast: 3, ylast: 8, xcurr: 3, ycurr: 8
Avatar Id: 1, Move: 0
xlast: 5, ylast: 0, xcurr: 5, ycurr: 1
Avatar Id: 0, Move: 3
xlast: 3, ylast: 8, xcurr: 3, ycurr: 8
Avatar Id: 1, Move: 1
xlast: 5, ylast: 1, xcurr: 4, ycurr: 1
Avatar Id: 0, Move: 3
xlast: 3, ylast: 8, xcurr: 3, ycurr: 8
Avatar Id: 1, Move: 3
xlast: 4, ylast: 1, xcurr: 4, ycurr: 0
Avatar Id: 0, Move: 3
xlast: 3, ylast: 8, xcurr: 3, ycurr: 8
Avatar Id: 1, Move: 1
xlast: 4, ylast: 0, xcurr: 4, ycurr: 0
Avatar Id: 0, Move: 3
xlast: 3, ylast: 8, xcurr: 3, ycurr: 8
Avatar Id: 1, Move: 0
xlast: 4, ylast: 0, xcurr: 4, ycurr: 0
Avatar Id: 0, Move: 3
xlast: 3, ylast: 8, xcurr: 3, ycurr: 8
Avatar Id: 1, Move: 1
xlast: 4, ylast: 0, xcurr: 3, ycurr: 0
Avatar Id: 0, Move: 3
xlast: 3, ylast: 8, xcurr: 3, ycurr: 8
Avatar Id: 1, Move: 0
xlast: 3, ylast: 0, xcurr: 3, ycurr: 0
Avatar Id: 0, Move: 3
xlast: 3, ylast: 8, xcurr: 3, ycurr: 8
Avatar Id: 1, Move: 1
xlast: 3, ylast: 0, xcurr: 2, ycurr: 0
Avatar Id: 0, Move: 3
xlast: 3, ylast: 8, xcurr: 3, ycurr: 8
Avatar Id: 1, Move: 0
xlast: 2, ylast: 0, xcurr: 2, ycurr: 0
Avatar Id: 0, Move: 3
xlast: 3, ylast: 8, xcurr: 3, ycurr: 8
Avatar Id: 1, Move: 1
xlast: 2, ylast: 0, xcurr: 1, ycurr: 0
Avatar Id: 0, Move: 3
xlast: 3, ylast: 8, xcurr: 3, ycurr: 8
Avatar Id: 1, Move: 0
xlast: 1, ylast: 0, xcurr: 1, ycurr: 0
Avatar Id: 0, Move: 3
xlast: 3, ylast: 8, xcurr: 3, ycurr: 8
Avatar Id: 1, Move: 1
xlast: 1, ylast: 0, xcurr: 0, ycurr: 0
Avatar Id: 0, Move: 3
xlast: 3, ylast: 8, xcurr: 3, ycurr: 8
Avatar Id: 1, Move: 0
xlast: 0, ylast: 0, xcurr: 0, ycurr: 0
Avatar Id: 0, Move: 3
xlast: 3, ylast: 8, xcurr: 3, ycurr: 8
Avatar Id: 1, Move: 2
xlast: 0, ylast: 0, xcurr: 0, ycurr: 0
Avatar Id: 0, Move: 3
xlast: 3, ylast: 8, xcurr: 3, ycurr: 8
Avatar Id: 1, Move: 3
xlast: 0, ylast: 0, xcurr: 0, ycurr: 0
Avatar Id: 0, Move: 3
xlast: 3, ylast: 8, xcurr: 3, ycurr: 8
Avatar Id: 1, Move: 2
xlast: 0, ylast: 0, xcurr: 1, ycurr: 0
Avatar Id: 0, Move: 3
xlast: 3, ylast: 8, xcurr: 3, ycurr: 8
Avatar Id: 1, Move: 0
xlast: 1, ylast: 0, xcurr: 1, ycurr: 1
Avatar Id: 0, Move: 3
xlast: 3, ylast: 8, xcurr: 3, ycurr: 8
Avatar Id: 1, Move: 1
xlast: 1, ylast: 1, xcurr: 0, ycurr: 1
Avatar Id: 0, Move: 3
xlast: 3, ylast: 8, xcurr: 3, ycurr: 8
Avatar Id: 1, Move: 0
xlast: 0, ylast: 1, xcurr: 0, ycurr: 1
Avatar Id: 0, Move: 3
xlast: 3, ylast: 8, xcurr: 3, ycurr: 8
Avatar Id: 1, Move: 2
xlast: 0, ylast: 1, xcurr: 0, ycurr: 1
Avatar Id: 0, Move: 3
xlast: 3, ylast: 8, xcurr: 3, ycurr: 8
Avatar Id: 1, Move: 0
xlast: 0, ylast: 1, xcurr: 0, ycurr: 2
Avatar Id: 0, Move: 3
xlast: 3, ylast: 8, xcurr: 3, ycurr: 8
Avatar Id: 1, Move: 2
xlast: 0, ylast: 2, xcurr: 0, ycurr: 2
Avatar Id: 0, Move: 3
xlast: 3, ylast: 8, xcurr: 3, ycurr: 8
Avatar Id: 1, Move: 0
xlast: 0, ylast: 2, xcurr: 0, ycurr: 3
Avatar Id: 0, Move: 3
xlast: 3, ylast: 8, xcurr: 3, ycurr: 8
Avatar Id: 1, Move: 2
xlast: 0, ylast: 3, xcurr: 0, ycurr: 3
Avatar Id: 0, Move: 3
xlast: 3, ylast: 8, xcurr: 3, ycurr: 8
Avatar Id: 1, Move: 0
xlast: 0, ylast: 3, xcurr: 0, ycurr: 4
Avatar Id: 0, Move: 3
xlast: 3, ylast: 8, xcurr: 3, ycurr: 8
Avatar Id: 1, Move: 2
xlast: 0, ylast: 4, xcurr: 0, ycurr: 4
Avatar Id: 0, Move: 3
xlast: 3, ylast: 8, xcurr: 3, ycurr: 8
Avatar Id: 1, Move: 3
xlast: 0, ylast: 4, xcurr: 0, ycurr: 4
Avatar Id: 0, Move: 3
xlast: 3, ylast: 8, xcurr: 3, ycurr: 8
Avatar Id: 1, Move: 2
xlast: 0, ylast: 4, xcurr: 1, ycurr: 4
Avatar Id: 0, Move: 3
xlast: 3, ylast: 8, xcurr: 3, ycurr: 8
Avatar Id: 1, Move: 3
xlast: 1, ylast: 4, xcurr: 1, ycurr: 4
Avatar Id: 0, Move: 3
xlast: 3, ylast: 8, xcurr: 3, ycurr: 8
Avatar Id: 1, Move: 1
xlast: 1, ylast: 4, xcurr: 1, ycurr: 4
Avatar Id: 0, Move: 3
xlast: 3, ylast: 8, xcurr: 3, ycurr: 8
Avatar Id: 1, Move: 3
xlast: 1, ylast: 4, xcurr: 1, ycurr: 3
Avatar Id: 0, Move: 3
xlast: 3, ylast: 8, xcurr: 3, ycurr: 8
Avatar Id: 1, Move: 2
xlast: 1, ylast: 3, xcurr: 2, ycurr: 3
Avatar Id: 0, Move: 3
xlast: 3, ylast: 8, xcurr: 3, ycurr: 8
Avatar Id: 1, Move: 0
xlast: 2, ylast: 3, xcurr: 2, ycurr: 4
Avatar Id: 0, Move: 3
xlast: 3, ylast: 8, xcurr: 3, ycurr: 8
Avatar Id: 1, Move: 2
xlast: 2, ylast: 4, xcurr: 2, ycurr: 4
Avatar Id: 0, Move: 3
xlast: 3, ylast: 8, xcurr: 3, ycurr: 8
Avatar Id: 1, Move: 3
xlast: 2, ylast: 4, xcurr: 2, ycurr: 4
Avatar Id: 0, Move: 3
xlast: 3, ylast: 8, xcurr: 3, ycurr: 8
Avatar Id: 1, Move: 2
xlast: 2, ylast: 4, xcurr: 3, ycurr: 4
Avatar Id: 0, Move: 3
xlast: 3, ylast: 8, xcurr: 3, ycurr: 8
Avatar Id: 1, Move: 3
xlast: 3, ylast: 4, xcurr: 3, ycurr: 4
Avatar Id: 0, Move: 3
xlast: 3, ylast: 8, xcurr: 3, ycurr: 8
Avatar Id: 1, Move: 1
xlast: 3, ylast: 4, xcurr: 3, ycurr: 4
Avatar Id: 0, Move: 3
xlast: 3, ylast: 8, xcurr: 3, ycurr: 8
Avatar Id: 1, Move: 3
xlast: 3, ylast: 4, xcurr: 3, ycurr: 3
Avatar Id: 0, Move: 3
xlast: 3, ylast: 8, xcurr: 3, ycurr: 8
Avatar Id: 1, Move: 2
xlast: 3, ylast: 3, xcurr: 4, ycurr: 3
Avatar Id: 0, Move: 3
xlast: 3, ylast: 8, xcurr: 3, ycurr: 8
Avatar Id: 1, Move: 0
xlast: 4, ylast: 3, xcurr: 4, ycurr: 4
Avatar Id: 0, Move: 3
xlast: 3, ylast: 8, xcurr: 3, ycurr: 8
Avatar Id: 1, Move: 2
xlast: 4, ylast: 4, xcurr: 4, ycurr: 4
Avatar Id: 0, Move: 3
xlast: 3, ylast: 8, xcurr: 3, ycurr: 8
Avatar Id: 1, Move: 3
xlast: 4, ylast: 4, xcurr: 4, ycurr: 4
Avatar Id: 0, Move: 3
xlast: 3, ylast: 8, xcurr: 3, ycurr: 8
Avatar Id: 1, Move: 2
xlast: 4, ylast: 4, xcurr: 5, ycurr: 4
Avatar Id: 0, Move: 3
xlast: 3, ylast: 8, xcurr: 3, ycurr: 8
Avatar Id: 1, Move: 3
xlast: 5, ylast: 4, xcurr: 5, ycurr: 4
Avatar Id: 0, Move: 3
xlast: 3, ylast: 8, xcurr: 3, ycurr: 8
Avatar Id: 1, Move: 1
xlast: 5, ylast: 4, xcurr: 5, ycurr: 4
Avatar Id: 0, Move: 3
xlast: 3, ylast: 8, xcurr: 3, ycurr: 8
Avatar Id: 1, Move: 3
xlast: 5, ylast: 4, xcurr: 5, ycurr: 3
Avatar Id: 0, Move: 3
xlast: 3, ylast: 8, xcurr: 3, ycurr: 8
Avatar Id: 1, Move: 2
xlast: 5, ylast: 3, xcurr: 6, ycurr: 3
Avatar Id: 0, Move: 3
xlast: 3, ylast: 8, xcurr: 3, ycurr: 8
Avatar Id: 1, Move: 0
xlast: 6, ylast: 3, xcurr: 6, ycurr: 4
Avatar Id: 0, Move: 3
xlast: 3, ylast: 8, xcurr: 3, ycurr: 8
Avatar Id: 1, Move: 2
xlast: 6, ylast: 4, xcurr: 6, ycurr: 4
Avatar Id: 0, Move: 3
xlast: 3, ylast: 8, xcurr: 3, ycurr: 8
Avatar Id: 1, Move: 0
xlast: 6, ylast: 4, xcurr: 6, ycurr: 5
Avatar Id: 0, Move: 3
xlast: 3, ylast: 8, xcurr: 3, ycurr: 8
Avatar Id: 1, Move: 2
xlast: 6, ylast: 5, xcurr: 6, ycurr: 5
Avatar Id: 0, Move: 3
xlast: 3, ylast: 8, xcurr: 3, ycurr: 8
Avatar Id: 1, Move: 0
xlast: 6, ylast: 5, xcurr: 6, ycurr: 6
Avatar Id: 0, Move: 3
xlast: 3, ylast: 8, xcurr: 3, ycurr: 8
Avatar Id: 1, Move: 1
xlast: 6, ylast: 6, xcurr: 5, ycurr: 6
Avatar Id: 0, Move: 3
xlast: 3, ylast: 8, xcurr: 3, ycurr: 8
Avatar Id: 1, Move: 3
xlast: 5, ylast: 6, xcurr: 5, ycurr: 5
Avatar Id: 0, Move: 3
xlast: 3, ylast: 8, xcurr: 3, ycurr: 8
Avatar Id: 1, Move: 1
xlast: 5, ylast: 5, xcurr: 5, ycurr: 5
Avatar Id: 0, Move: 3
xlast: 3, ylast: 8, xcurr: 3, ycurr: 8
Avatar Id: 1, Move: 0
xlast: 5, ylast: 5, xcurr: 5, ycurr: 5
Avatar Id: 0, Move: 3
xlast: 3, ylast: 8, xcurr: 3, ycurr: 8
Avatar Id: 1, Move: 1
xlast: 5, ylast: 5, xcurr: 4, ycurr: 5
Avatar Id: 0, Move: 3
xlast: 3, ylast: 8, xcurr: 3, ycurr: 8
Avatar Id: 1, Move: 0
xlast: 4, ylast: 5, xcurr: 4, ycurr: 5
Avatar Id: 0, Move: 3
xlast: 3, ylast: 8, xcurr: 3, ycurr: 8
Avatar Id: 1, Move: 1
xlast: 4, ylast: 5, xcurr: 3, ycurr: 5
Avatar Id: 0, Move: 3
xlast: 3, ylast: 8, xcurr: 3, ycurr: 8
Avatar Id: 1, Move: 0
xlast: 3, ylast: 5, xcurr: 3, ycurr: 5
Avatar Id: 0, Move: 3
xlast: 3, ylast: 8, xcurr: 3, ycurr: 8
Avatar Id: 1, Move: 1
xlast: 3, ylast: 5, xcurr: 2, ycurr: 5
Avatar Id: 0, Move: 3
xlast: 3, ylast: 8, xcurr: 3, ycurr: 8
Avatar Id: 1, Move: 0
xlast: 2, ylast: 5, xcurr: 2, ycurr: 5
Avatar Id: 0, Move: 3
xlast: 3, ylast: 8, xcurr: 3, ycurr: 8
Avatar Id: 1, Move: 2
xlast: 2, ylast: 5, xcurr: 2, ycurr: 5
Avatar Id: 0, Move: 3
xlast: 3, ylast: 8, xcurr: 3, ycurr: 8
Avatar Id: 1, Move: 0
xlast: 2, ylast: 5, xcurr: 2, ycurr: 6
Avatar Id: 0, Move: 3
xlast: 3, ylast: 8, xcurr: 3, ycurr: 8
Avatar Id: 1, Move: 1
xlast: 2, ylast: 6, xcurr: 1, ycurr: 6
Avatar Id: 0, Move: 3
xlast: 3, ylast: 8, xcurr: 3, ycurr: 8
Avatar Id: 1, Move: 0
xlast: 1, ylast: 6, xcurr: 1, ycurr: 6
Avatar Id: 0, Move: 3
xlast: 3, ylast: 8, xcurr: 3, ycurr: 8
Avatar Id: 1, Move: 1
xlast: 1, ylast: 6, xcurr: 0, ycurr: 6
Avatar Id: 0, Move: 3
xlast: 3, ylast: 8, xcurr: 3, ycurr: 8
Avatar Id: 1, Move: 3
xlast: 0, ylast: 6, xcurr: 0, ycurr: 5
Avatar Id: 0, Move: 3
xlast: 3, ylast: 8, xcurr: 3, ycurr: 8
Avatar Id: 1, Move: 2
xlast: 0, ylast: 5, xcurr: 1, ycurr: 5
Avatar Id: 0, Move: 3
xlast: 3, ylast: 8, xcurr: 3, ycurr: 8
Avatar Id: 1, Move: 3
xlast: 1, ylast: 5, xcurr: 1, ycurr: 5
Avatar Id: 0, Move: 3
xlast: 3, ylast: 8, xcurr: 3, ycurr: 8
Avatar Id: 1, Move: 1
xlast: 1, ylast: 5, xcurr: 1, ycurr: 5
Avatar Id: 0, Move: 3
xlast: 3, ylast: 8, xcurr: 3, ycurr: 8
Avatar Id: 1, Move: 0
xlast: 1, ylast: 5, xcurr: 1, ycurr: 5
Avatar Id: 0, Move: 3
xlast: 3, ylast: 8, xcurr: 3, ycurr: 8
Avatar Id: 1, Move: 1
xlast: 1, ylast: 5, xcurr: 0, ycurr: 5
Avatar Id: 0, Move: 3
xlast: 3, ylast: 8, xcurr: 3, ycurr: 8
Avatar Id: 1, Move: 0
xlast: 0, ylast: 5, xcurr: 0, ycurr: 5
Avatar Id: 0, Move: 3
xlast: 3, ylast: 8, xcurr: 3, ycurr: 8
Avatar Id: 1, Move: 2
xlast: 0, ylast: 5, xcurr: 0, ycurr: 5
Avatar Id: 0, Move: 3
xlast: 3, ylast: 8, xcurr: 3, ycurr: 8
Avatar Id: 1, Move: 0
xlast: 0, ylast: 5, xcurr: 0, ycurr: 6
Avatar Id: 0, Move: 3
xlast: 3, ylast: 8, xcurr: 3, ycurr: 8
Avatar Id: 1, Move: 2
xlast: 0, ylast: 6, xcurr: 0, ycurr: 6
Avatar Id: 0, Move: 3
xlast: 3, ylast: 8, xcurr: 3, ycurr: 8
Avatar Id: 1, Move: 0
xlast: 0, ylast: 6, xcurr: 0, ycurr: 7
Avatar Id: 0, Move: 3
xlast: 3, ylast: 8, xcurr: 3, ycurr: 8
Avatar Id: 1, Move: 2
xlast: 0, ylast: 7, xcurr: 0, ycurr: 7
Avatar Id: 0, Move: 3
xlast: 3, ylast: 8, xcurr: 3, ycurr: 8
Avatar Id: 1, Move: 3
xlast: 0, ylast: 7, xcurr: 0, ycurr: 7
Avatar Id: 0, Move: 3
xlast: 3, ylast: 8, xcurr: 3, ycurr: 8
Avatar Id: 1, Move: 2
xlast: 0, ylast: 7, xcurr: 1, ycurr: 7
Avatar Id: 0, Move: 3
xlast: 3, ylast: 8, xcurr: 3, ycurr: 8
Avatar Id: 1, Move: 3
xlast: 1, ylast: 7, xcurr: 1, ycurr: 7
Avatar Id: 0, Move: 3
xlast: 3, ylast: 8, xcurr: 3, ycurr: 8
Avatar Id: 1, Move: 2
xlast: 1, ylast: 7, xcurr: 2, ycurr: 7
Avatar Id: 0, Move: 3
xlast: 3, ylast: 8, xcurr: 3, ycurr: 8
Avatar Id: 1, Move: 0
xlast: 2, ylast: 7, xcurr: 2, ycurr: 8
Avatar Id: 0, Move: 3
xlast: 3, ylast: 8, xcurr: 3, ycurr: 8
Avatar Id: 1, Move: 1
xlast: 2, ylast: 8, xcurr: 1, ycurr: 8
Avatar Id: 0, Move: 3
xlast: 3, ylast: 8, xcurr: 3, ycurr: 8
Avatar Id: 1, Move: 0
xlast: 1, ylast: 8, xcurr: 1, ycurr: 8
Avatar Id: 0, Move: 3
xlast: 3, ylast: 8, xcurr: 3, ycurr: 8
Avatar Id: 1, Move: 2
xlast: 1, ylast: 8, xcurr: 1, ycurr: 8
Avatar Id: 0, Move: 3
xlast: 3, ylast: 8, xcurr: 3, ycurr: 8
Avatar Id: 1, Move: 0
xlast: 1, ylast: 8, xcurr: 1, ycurr: 9
Avatar Id: 0, Move: 3
xlast: 3, ylast: 8, xcurr: 3, ycurr: 8
Avatar Id: 1, Move: 1
xlast: 1, ylast: 9, xcurr: 0, ycurr: 9
Avatar Id: 0, Move: 3
xlast: 3, ylast: 8, xcurr: 3, ycurr: 8
Avatar Id: 1, Move: 3
xlast: 0, ylast: 9, xcurr: 0, ycurr: 8
Avatar Id: 0, Move: 3
xlast: 3, ylast: 8, xcurr: 3, ycurr: 8
Avatar Id: 1, Move: 1
xlast: 0, ylast: 8, xcurr: 0, ycurr: 8
Avatar Id: 0, Move: 3
xlast: 3, ylast: 8, xcurr: 3, ycurr: 8
Avatar Id: 1, Move: 0
xlast: 0, ylast: 8, xcurr: 0, ycurr: 8
Avatar Id: 0, Move: 3
xlast: 3, ylast: 8, xcurr: 3, ycurr: 8
Avatar Id: 1, Move: 2
xlast: 0, ylast: 8, xcurr: 0, ycurr: 8
Avatar Id: 0, Move: 3
xlast: 3, ylast: 8, xcurr: 3, ycurr: 8
Avatar Id: 1, Move: 0
xlast: 0, ylast: 8, xcurr: 0, ycurr: 9
Avatar Id: 0, Move: 3
xlast: 3, ylast: 8, xcurr: 3, ycurr: 8
Avatar Id: 1, Move: 2
xlast: 0, ylast: 9, xcurr: 0, ycurr: 9
Avatar Id: 0, Move: 3
xlast: 3, ylast: 8, xcurr: 3, ycurr: 8
Avatar Id: 1, Move: 3
xlast: 0, ylast: 9, xcurr: 0, ycurr: 9
Avatar Id: 0, Move: 3
xlast: 3, ylast: 8, xcurr: 3, ycurr: 8
Avatar Id: 1, Move: 2
xlast: 0, ylast: 9, xcurr: 1, ycurr: 9
Avatar Id: 0, Move: 3
xlast: 3, ylast: 8, xcurr: 3, ycurr: 8
Avatar Id: 1, Move: 3
xlast: 1, ylast: 9, xcurr: 1, ycurr: 9
Avatar Id: 0, Move: 3
xlast: 3, ylast: 8, xcurr: 3, ycurr: 8
Avatar Id: 1, Move: 2
xlast: 1, ylast: 9, xcurr: 2, ycurr: 9
Avatar Id: 0, Move: 3
xlast: 3, ylast: 8, xcurr: 3, ycurr: 8
Avatar Id: 1, Move: 3
xlast: 2, ylast: 9, xcurr: 2, ycurr: 9
Avatar Id: 0, Move: 3
xlast: 3, ylast: 8, xcurr: 3, ycurr: 8
Avatar Id: 1, Move: 1
xlast: 2, ylast: 9, xcurr: 2, ycurr: 9
Avatar Id: 0, Move: 3
xlast: 3, ylast: 8, xcurr: 3, ycurr: 8
Avatar Id: 1, Move: 0
xlast: 2, ylast: 9, xcurr: 2, ycurr: 9
Avatar Id: 0, Move: 3
xlast: 3, ylast: 8, xcurr: 3, ycurr: 8
Avatar Id: 1, Move: 1
xlast: 2, ylast: 9, xcurr: 1, ycurr: 9
Avatar Id: 0, Move: 3
xlast: 3, ylast: 8, xcurr: 3, ycurr: 8
Avatar Id: 1, Move: 3
xlast: 1, ylast: 9, xcurr: 1, ycurr: 8
Avatar Id: 0, Move: 3
xlast: 3, ylast: 8, xcurr: 3, ycurr: 8
Avatar Id: 1, Move: 2
xlast: 1, ylast: 8, xcurr: 2, ycurr: 8
Avatar Id: 0, Move: 3
xlast: 3, ylast: 8, xcurr: 3, ycurr: 8
Avatar Id: 1, Move: 3
xlast: 2, ylast: 8, xcurr: 2, ycurr: 8
Avatar Id: 0, Move: 3
xlast: 3, ylast: 8, xcurr: 3, ycurr: 8
Avatar Id: 1, Move: 1
xlast: 2, ylast: 8, xcurr: 2, ycurr: 8
Avatar Id: 0, Move: 3
xlast: 3, ylast: 8, xcurr: 3, ycurr: 8
Avatar Id: 1, Move: 3
xlast: 2, ylast: 8, xcurr: 2, ycurr: 7
Avatar Id: 0, Move: 3
xlast: 3, ylast: 8, xcurr: 3, ycurr: 8
Avatar Id: 1, Move: 1
xlast: 2, ylast: 7, xcurr: 2, ycurr: 7
Avatar Id: 0, Move: 3
xlast: 3, ylast: 8, xcurr: 3, ycurr: 8
Avatar Id: 1, Move: 0
xlast: 2, ylast: 7, xcurr: 2, ycurr: 7
Avatar Id: 0, Move: 3
xlast: 3, ylast: 8, xcurr: 3, ycurr: 8
Avatar Id: 1, Move: 1
xlast: 2, ylast: 7, xcurr: 1, ycurr: 7
Avatar Id: 0, Move: 3
xlast: 3, ylast: 8, xcurr: 3, ycurr: 8
Avatar Id: 1, Move: 0
xlast: 1, ylast: 7, xcurr: 1, ycurr: 7
Avatar Id: 0, Move: 3
xlast: 3, ylast: 8, xcurr: 3, ycurr: 8
Avatar Id: 1, Move: 1
xlast: 1, ylast: 7, xcurr: 0, ycurr: 7
Avatar Id: 0, Move: 3
xlast: 3, ylast: 8, xcurr: 3, ycurr: 8
Avatar Id: 1, Move: 3
xlast: 0, ylast: 7, xcurr: 0, ycurr: 6
Avatar Id: 0, Move: 3
xlast: 3, ylast: 8, xcurr: 3, ycurr: 8
Avatar Id: 1, Move: 2
xlast: 0, ylast: 6, xcurr: 1, ycurr: 6
Avatar Id: 0, Move: 3
xlast: 3, ylast: 8, xcurr: 3, ycurr: 8
Avatar Id: 1, Move: 3
xlast: 1, ylast: 6, xcurr: 1, ycurr: 6
Avatar Id: 0, Move: 3
xlast: 3, ylast: 8, xcurr: 3, ycurr: 8
Avatar Id: 1, Move: 2
xlast: 1, ylast: 6, xcurr: 2, ycurr: 6
Avatar Id: 0, Move: 3
xlast: 3, ylast: 8, xcurr: 3, ycurr: 8
Avatar Id: 1, Move: 3
xlast: 2, ylast: 6, xcurr: 2, ycurr: 6
Avatar Id: 0, Move: 3
xlast: 3, ylast: 8, xcurr: 3, ycurr: 8
Avatar Id: 1, Move: 1
xlast: 2, ylast: 6, xcurr: 2, ycurr: 6
Avatar Id: 0, Move: 3
xlast: 3, ylast: 8, xcurr: 3, ycurr: 8
Avatar Id: 1, Move: 3
xlast: 2, ylast: 6, xcurr: 2, ycurr: 5
Avatar Id: 0, Move: 3
xlast: 3, ylast: 8, xcurr: 3, ycurr: 8
Avatar Id: 1, Move: 2
xlast: 2, ylast: 5, xcurr: 3, ycurr: 5
Avatar Id: 0, Move: 3
xlast: 3, ylast: 8, xcurr: 3, ycurr: 8
Avatar Id: 1, Move: 3
xlast: 3, ylast: 5, xcurr: 3, ycurr: 5
Avatar Id: 0, Move: 3
xlast: 3, ylast: 8, xcurr: 3, ycurr: 8
Avatar Id: 1, Move: 2
xlast: 3, ylast: 5, xcurr: 4, ycurr: 5
Avatar Id: 0, Move: 3
xlast: 3, ylast: 8, xcurr: 3, ycurr: 8
Avatar Id: 1, Move: 3
xlast: 4, ylast: 5, xcurr: 4, ycurr: 5
Avatar Id: 0, Move: 3
xlast: 3, ylast: 8, xcurr: 3, ycurr: 8
Avatar Id: 1, Move: 2
xlast: 4, ylast: 5, xcurr: 5, ycurr: 5
Avatar Id: 0, Move: 3
xlast: 3, ylast: 8, xcurr: 3, ycurr: 8
Avatar Id: 1, Move: 0
xlast: 5, ylast: 5, xcurr: 5, ycurr: 6
Avatar Id: 0, Move: 3
xlast: 3, ylast: 8, xcurr: 3, ycurr: 8
Avatar Id: 1, Move: 2
xlast: 5, ylast: 6, xcurr: 5, ycurr: 6
Avatar Id: 0, Move: 3
xlast: 3, ylast: 8, xcurr: 3, ycurr: 8
Avatar Id: 1, Move: 0
xlast: 5, ylast: 6, xcurr: 5, ycurr: 7
Avatar Id: 0, Move: 3
xlast: 3, ylast: 8, xcurr: 3, ycurr: 8
Avatar Id: 1, Move: 2
xlast: 5, ylast: 7, xcurr: 5, ycurr: 7
Avatar Id: 0, Move: 3
xlast: 3, ylast: 8, xcurr: 3, ycurr: 8
Avatar Id: 1, Move: 3
xlast: 5, ylast: 7, xcurr: 5, ycurr: 7
Avatar Id: 0, Move: 3
xlast: 3, ylast: 8, xcurr: 3, ycurr: 8
Avatar Id: 1, Move: 1
xlast: 5, ylast: 7, xcurr: 5, ycurr: 7
Avatar Id: 0, Move: 3
xlast: 3, ylast: 8, xcurr: 3, ycurr: 8
Avatar Id: 1, Move: 3
xlast: 5, ylast: 7, xcurr: 5, ycurr: 6
Avatar Id: 0, Move: 3
xlast: 3, ylast: 8, xcurr: 3, ycurr: 8
Avatar Id: 1, Move: 2
xlast: 5, ylast: 6, xcurr: 6, ycurr: 6
Avatar Id: 0, Move: 3
xlast: 3, ylast: 8, xcurr: 3, ycurr: 8
Avatar Id: 1, Move: 3
xlast: 6, ylast: 6, xcurr: 6, ycurr: 6
Avatar Id: 0, Move: 3
xlast: 3, ylast: 8, xcurr: 3, ycurr: 8
Avatar Id: 1, Move: 1
xlast: 6, ylast: 6, xcurr: 6, ycurr: 6
Avatar Id: 0, Move: 3
xlast: 3, ylast: 8, xcurr: 3, ycurr: 8
Avatar Id: 1, Move: 3
xlast: 6, ylast: 6, xcurr: 6, ycurr: 5
Avatar Id: 0, Move: 3
xlast: 3, ylast: 8, xcurr: 3, ycurr: 8
Avatar Id: 1, Move: 1
xlast: 6, ylast: 5, xcurr: 6, ycurr: 5
Avatar Id: 0, Move: 3
xlast: 3, ylast: 8, xcurr: 3, ycurr: 8
Avatar Id: 1, Move: 3
xlast: 6, ylast: 5, xcurr: 6, ycurr: 4
Avatar Id: 0, Move: 3
xlast: 3, ylast: 8, xcurr: 3, ycurr: 8
Avatar Id: 1, Move: 1
xlast: 6, ylast: 4, xcurr: 6, ycurr: 4
Avatar Id: 0, Move: 3
xlast: 3, ylast: 8, xcurr: 3, ycurr: 8
Avatar Id: 1, Move: 3
xlast: 6, ylast: 4, xcurr: 6, ycurr: 3
Avatar Id: 0, Move: 3
xlast: 3, ylast: 8, xcurr: 3, ycurr: 8
Avatar Id: 1, Move: 1
xlast: 6, ylast: 3, xcurr: 6, ycurr: 3
Avatar Id: 0, Move: 3
xlast: 3, ylast: 8, xcurr: 3, ycurr: 8
Avatar Id: 1, Move: 0
xlast: 6, ylast: 3, xcurr: 6, ycurr: 3
Avatar Id: 0, Move: 3
xlast: 3, ylast: 8, xcurr: 3, ycurr: 8
Avatar Id: 1, Move: 1
xlast: 6, ylast: 3, xcurr: 5, ycurr: 3
Avatar Id: 0, Move: 3
xlast: 3, ylast: 8, xcurr: 3, ycurr: 8
Avatar Id: 1, Move: 0
xlast: 5, ylast: 3, xcurr: 5, ycurr: 3
Avatar Id: 0, Move: 3
xlast: 3, ylast: 8, xcurr: 3, ycurr: 8
Avatar Id: 1, Move: 2
xlast: 5, ylast: 3, xcurr: 5, ycurr: 3
Avatar Id: 0, Move: 3
xlast: 3, ylast: 8, xcurr: 3, ycurr: 8
Avatar Id: 1, Move: 0
xlast: 5, ylast: 3, xcurr: 5, ycurr: 4
Avatar Id: 0, Move: 3
xlast: 3, ylast: 8, xcurr: 3, ycurr: 8
Avatar Id: 1, Move: 1
xlast: 5, ylast: 4, xcurr: 4, ycurr: 4
Avatar Id: 0, Move: 3
xlast: 3, ylast: 8, xcurr: 3, ycurr: 8
Avatar Id: 1, Move: 3
xlast: 4, ylast: 4, xcurr: 4, ycurr: 3
Avatar Id: 0, Move: 3
xlast: 3, ylast: 8, xcurr: 3, ycurr: 8
Avatar Id: 1, Move: 1
xlast: 4, ylast: 3, xcurr: 4, ycurr: 3
Avatar Id: 0, Move: 3
xlast: 3, ylast: 8, xcurr: 3, ycurr: 8
Avatar Id: 1, Move: 0
xlast: 4, ylast: 3, xcurr: 4, ycurr: 3
Avatar Id: 0, Move: 3
xlast: 3, ylast: 8, xcurr: 3, ycurr: 8
Avatar Id: 1, Move: 1
xlast: 4, ylast: 3, xcurr: 3, ycurr: 3
Avatar Id: 0, Move: 3
xlast: 3, ylast: 8, xcurr: 3, ycurr: 8
Avatar Id: 1, Move: 0
xlast: 3, ylast: 3, xcurr: 3, ycurr: 3
Avatar Id: 0, Move: 3
xlast: 3, ylast: 8, xcurr: 3, ycurr: 8
Avatar Id: 1, Move: 2
xlast: 3, ylast: 3, xcurr: 3, ycurr: 3
Avatar Id: 0, Move: 3
xlast: 3, ylast: 8, xcurr: 3, ycurr: 8
Avatar Id: 1, Move: 0
xlast: 3, ylast: 3, xcurr: 3, ycurr: 4
Avatar Id: 0, Move: 3
xlast: 3, ylast: 8, xcurr: 3, ycurr: 8
Avatar Id: 1, Move: 1
xlast: 3, ylast: 4, xcurr: 2, ycurr: 4
Avatar Id: 0, Move: 3
xlast: 3, ylast: 8, xcurr: 3, ycurr: 8
Avatar Id: 1, Move: 3
xlast: 2, ylast: 4, xcurr: 2, ycurr: 3
Avatar Id: 0, Move: 3
xlast: 3, ylast: 8, xcurr: 3, ycurr: 8
Avatar Id: 1, Move: 1
xlast: 2, ylast: 3, xcurr: 2, ycurr: 3
Avatar Id: 0, Move: 3
xlast: 3, ylast: 8, xcurr: 3, ycurr: 8
Avatar Id: 1, Move: 0
xlast: 2, ylast: 3, xcurr: 2, ycurr: 3
Avatar Id: 0, Move: 3
xlast: 3, ylast: 8, xcurr: 3, ycurr: 8
Avatar Id: 1, Move: 1
xlast: 2, ylast: 3, xcurr: 1, ycurr: 3
Avatar Id: 0, Move: 3
xlast: 3, ylast: 8, xcurr: 3, ycurr: 8
Avatar Id: 1, Move: 0
xlast: 1, ylast: 3, xcurr: 1, ycurr: 3
Avatar Id: 0, Move: 3
xlast: 3, ylast: 8, xcurr: 3, ycurr: 8
Avatar Id: 1, Move: 2
xlast: 1, ylast: 3, xcurr: 1, ycurr: 3
Avatar Id: 0, Move: 3
xlast: 3, ylast: 8, xcurr: 3, ycurr: 8
Avatar Id: 1, Move: 0
xlast: 1, ylast: 3, xcurr: 1, ycurr: 4
Avatar Id: 0, Move: 3
xlast: 3, ylast: 8, xcurr: 3, ycurr: 8
Avatar Id: 1, Move: 1
xlast: 1, ylast: 4, xcurr: 0, ycurr: 4
Avatar Id: 0, Move: 3
xlast: 3, ylast: 8, xcurr: 3, ycurr: 8
Avatar Id: 1, Move: 3
xlast: 0, ylast: 4, xcurr: 0, ycurr: 3
Avatar Id: 0, Move: 3
xlast: 3, ylast: 8, xcurr: 3, ycurr: 8
Avatar Id: 1, Move: 1
xlast: 0, ylast: 3, xcurr: 0, ycurr: 3
Avatar Id: 0, Move: 3
xlast: 3, ylast: 8, xcurr: 3, ycurr: 8
Avatar Id: 1, Move: 3
xlast: 0, ylast: 3, xcurr: 0, ycurr: 2
Avatar Id: 0, Move: 3
xlast: 3, ylast: 8, xcurr: 3, ycurr: 8
Avatar Id: 1, Move: 2
xlast: 0, ylast: 2, xcurr: 1, ycurr: 2
Avatar Id: 0, Move: 3
xlast: 3, ylast: 8, xcurr: 3, ycurr: 8
Avatar Id: 1, Move: 3
xlast: 1, ylast: 2, xcurr: 1, ycurr: 2
Avatar Id: 0, Move: 3
xlast: 3, ylast: 8, xcurr: 3, ycurr: 8
Avatar Id: 1, Move: 2
xlast: 1, ylast: 2, xcurr: 2, ycurr: 2
Avatar Id: 0, Move: 3
xlast: 3, ylast: 8, xcurr: 3, ycurr: 8
Avatar Id: 1, Move: 3
xlast: 2, ylast: 2, xcurr: 2, ycurr: 2
Avatar Id: 0, Move: 3
xlast: 3, ylast: 8, xcurr: 3, ycurr: 8
Avatar Id: 1, Move: 1
xlast: 2, ylast: 2, xcurr: 2, ycurr: 2
Avatar Id: 0, Move: 3
xlast: 3, ylast: 8, xcurr: 3, ycurr: 8
Avatar Id: 1, Move: 3
xlast: 2, ylast: 2, xcurr: 2, ycurr: 1
Avatar Id: 0, Move: 3
xlast: 3, ylast: 8, xcurr: 3, ycurr: 8
Avatar Id: 1, Move: 2
xlast: 2, ylast: 1, xcurr: 3, ycurr: 1
Avatar Id: 0, Move: 3
xlast: 3, ylast: 8, xcurr: 3, ycurr: 8
Avatar Id: 1, Move: 0
xlast: 3, ylast: 1, xcurr: 3, ycurr: 2
Avatar Id: 0, Move: 3
xlast: 3, ylast: 8, xcurr: 3, ycurr: 8
Avatar Id: 1, Move: 2
xlast: 3, ylast: 2, xcurr: 3, ycurr: 2
Avatar Id: 0, Move: 3
xlast: 3, ylast: 8, xcurr: 3, ycurr: 8
Avatar Id: 1, Move: 3
xlast: 3, ylast: 2, xcurr: 3, ycurr: 2
Avatar Id: 0, Move: 3
xlast: 3, ylast: 8, xcurr: 3, ycurr: 8
Avatar Id: 1, Move: 2
xlast: 3, ylast: 2, xcurr: 4, ycurr: 2
Avatar Id: 0, Move: 3
xlast: 3, ylast: 8, xcurr: 3, ycurr: 8
Avatar Id: 1, Move: 3
xlast: 4, ylast: 2, xcurr: 4, ycurr: 2
Avatar Id: 0, Move: 3
xlast: 3, ylast: 8, xcurr: 3, ycurr: 8
Avatar Id: 1, Move: 2
xlast: 4, ylast: 2, xcurr: 5, ycurr: 2
Avatar Id: 0, Move: 3
xlast: 3, ylast: 8, xcurr: 3, ycurr: 8
Avatar Id: 1, Move: 3
xlast: 5, ylast: 2, xcurr: 5, ycurr: 2
Avatar Id: 0, Move: 3
xlast: 3, ylast: 8, xcurr: 3, ycurr: 8
Avatar Id: 1, Move: 2
xlast: 5, ylast: 2, xcurr: 6, ycurr: 2
Avatar Id: 0, Move: 3
xlast: 3, ylast: 8, xcurr: 3, ycurr: 8
Avatar Id: 1, Move: 3
xlast: 6, ylast: 2, xcurr: 6, ycurr: 2
Avatar Id: 0, Move: 3
xlast: 3, ylast: 8, xcurr: 3, ycurr: 8
Avatar Id: 1, Move: 2
xlast: 6, ylast: 2, xcurr: 7, ycurr: 2
Avatar Id: 0, Move: 3
xlast: 3, ylast: 8, xcurr: 3, ycurr: 8
Avatar Id: 1, Move: 3
xlast: 7, ylast: 2, xcurr: 7, ycurr: 2
Avatar Id: 0, Move: 3
xlast: 3, ylast: 8, xcurr: 3, ycurr: 8
Avatar Id: 1, Move: 1
xlast: 7, ylast: 2, xcurr: 7, ycurr: 2
Avatar Id: 0, Move: 3
xlast: 3, ylast: 8, xcurr: 3, ycurr: 8
Avatar Id: 1, Move: 3
xlast: 7, ylast: 2, xcurr: 7, ycurr: 1
Avatar Id: 0, Move: 3
xlast: 3, ylast: 8, xcurr: 3, ycurr: 8
Avatar Id: 1, Move: 1
xlast: 7, ylast: 1, xcurr: 7, ycurr: 1
Avatar Id: 0, Move: 3
xlast: 3, ylast: 8, xcurr: 3, ycurr: 8
Avatar Id: 1, Move: 0
xlast: 7, ylast: 1, xcurr: 7, ycurr: 1
Avatar Id: 0, Move: 3
xlast: 3, ylast: 8, xcurr: 3, ycurr: 8
Avatar Id: 1, Move: 2
xlast: 7, ylast: 1, xcurr: 7, ycurr: 1
Avatar Id: 0, Move: 3
xlast: 3, ylast: 8, xcurr: 3, ycurr: 8
Avatar Id: 1, Move: 0
xlast: 7, ylast: 1, xcurr: 7, ycurr: 2
Avatar Id: 0, Move: 3
xlast: 3, ylast: 8, xcurr: 3, ycurr: 8
Avatar Id: 1, Move: 1
xlast: 7, ylast: 2, xcurr: 6, ycurr: 2
Avatar Id: 0, Move: 3
xlast: 3, ylast: 8, xcurr: 3, ycurr: 8
Avatar Id: 1, Move: 3
xlast: 6, ylast: 2, xcurr: 6, ycurr: 1
Avatar Id: 0, Move: 3
xlast: 3, ylast: 8, xcurr: 3, ycurr: 8
Avatar Id: 1, Move: 1
xlast: 6, ylast: 1, xcurr: 6, ycurr: 1
Avatar Id: 0, Move: 3
xlast: 3, ylast: 8, xcurr: 3, ycurr: 8
Avatar Id: 1, Move: 3
xlast: 6, ylast: 1, xcurr: 6, ycurr: 0
Avatar Id: 0, Move: 3
xlast: 3, ylast: 8, xcurr: 3, ycurr: 8
Avatar Id: 1, Move: 2
xlast: 6, ylast: 0, xcurr: 7, ycurr: 0
Avatar Id: 0, Move: 3
xlast: 3, ylast: 8, xcurr: 3, ycurr: 8
Avatar Id: 1, Move: 3
xlast: 7, ylast: 0, xcurr: 7, ycurr: 0
Avatar Id: 0, Move: 3
xlast: 3, ylast: 8, xcurr: 3, ycurr: 8
Avatar Id: 1, Move: 2
xlast: 7, ylast: 0, xcurr: 8, ycurr: 0
Avatar Id: 0, Move: 3
xlast: 3, ylast: 8, xcurr: 3, ycurr: 8
Avatar Id: 1, Move: 0
xlast: 8, ylast: 0, xcurr: 8, ycurr: 1
Avatar Id: 0, Move: 3
xlast: 3, ylast: 8, xcurr: 3, ycurr: 8
Avatar Id: 1, Move: 2
xlast: 8, ylast: 1, xcurr: 8, ycurr: 1
Avatar Id: 0, Move: 3
xlast: 3, ylast: 8, xcurr: 3, ycurr: 8
Avatar Id: 1, Move: 0
xlast: 8, ylast: 1, xcurr: 8, ycurr: 2
Avatar Id: 0, Move: 3
xlast: 3, ylast: 8, xcurr: 3, ycurr: 8
Avatar Id: 1, Move: 2
xlast: 8, ylast: 2, xcurr: 8, ycurr: 2
Avatar Id: 0, Move: 3
xlast: 3, ylast: 8, xcurr: 3, ycurr: 8
Avatar Id: 1, Move: 0
xlast: 8, ylast: 2, xcurr: 8, ycurr: 3
Avatar Id: 0, Move: 3
xlast: 3, ylast: 8, xcurr: 3, ycurr: 8
Avatar Id: 1, Move: 1
xlast: 8, ylast: 3, xcurr: 7, ycurr: 3
Avatar Id: 0, Move: 3
xlast: 3, ylast: 8, xcurr: 3, ycurr: 8
Avatar Id: 1, Move: 0
xlast: 7, ylast: 3, xcurr: 7, ycurr: 3
Avatar Id: 0, Move: 3
xlast: 3, ylast: 8, xcurr: 3, ycurr: 8
Avatar Id: 1, Move: 2
xlast: 7, ylast: 3, xcurr: 7, ycurr: 3
Avatar Id: 0, Move: 3
xlast: 3, ylast: 8, xcurr: 3, ycurr: 8
Avatar Id: 1, Move: 0
xlast: 7, ylast: 3, xcurr: 7, ycurr: 4
Avatar Id: 0, Move: 3
xlast: 3, ylast: 8, xcurr: 3, ycurr: 8
Avatar Id: 1, Move: 2
xlast: 7, ylast: 4, xcurr: 7, ycurr: 4
Avatar Id: 0, Move: 3
xlast: 3, ylast: 8, xcurr: 3, ycurr: 8
Avatar Id: 1, Move: 3
xlast: 7, ylast: 4, xcurr: 7, ycurr: 4
Avatar Id: 0, Move: 3
xlast: 3, ylast: 8, xcurr: 3, ycurr: 8
Avatar Id: 1, Move: 2
xlast: 7, ylast: 4, xcurr: 8, ycurr: 4
Avatar Id: 0, Move: 3
xlast: 3, ylast: 8, xcurr: 3, ycurr: 8
Avatar Id: 1, Move: 3
xlast: 8, ylast: 4, xcurr: 8, ycurr: 4
Avatar Id: 0, Move: 3
xlast: 3, ylast: 8, xcurr: 3, ycurr: 8
Avatar Id: 1, Move: 2
xlast: 8, ylast: 4, xcurr: 9, ycurr: 4
Avatar Id: 0, Move: 3
xlast: 3, ylast: 8, xcurr: 3, ycurr: 8
Avatar Id: 1, Move: 3
xlast: 9, ylast: 4, xcurr: 9, ycurr: 4
Avatar Id: 0, Move: 3
xlast: 3, ylast: 8, xcurr: 3, ycurr: 8
Avatar Id: 1, Move: 2
xlast: 9, ylast: 4, xcurr: 10, ycurr: 4
Avatar Id: 0, Move: 3
xlast: 3, ylast: 8, xcurr: 3, ycurr: 8
Avatar Id: 1, Move: 0
xlast: 10, ylast: 4, xcurr: 10, ycurr: 5
Avatar Id: 0, Move: 3
xlast: 3, ylast: 8, xcurr: 3, ycurr: 8
Avatar Id: 1, Move: 2
xlast: 10, ylast: 5, xcurr: 10, ycurr: 5
Avatar Id: 0, Move: 3
xlast: 3, ylast: 8, xcurr: 3, ycurr: 8
Avatar Id: 1, Move: 0
xlast: 10, ylast: 5, xcurr: 10, ycurr: 6
Avatar Id: 0, Move: 3
xlast: 3, ylast: 8, xcurr: 3, ycurr: 8
Avatar Id: 1, Move: 2
xlast: 10, ylast: 6, xcurr: 10, ycurr: 6
Avatar Id: 0, Move: 3
xlast: 3, ylast: 8, xcurr: 3, ycurr: 8
Avatar Id: 1, Move: 0
xlast: 10, ylast: 6, xcurr: 10, ycurr: 7
Avatar Id: 0, Move: 3
xlast: 3, ylast: 8, xcurr: 3, ycurr: 8
Avatar Id: 1, Move: 1
xlast: 10, ylast: 7, xcurr: 9, ycurr: 7
Avatar Id: 0, Move: 3
xlast: 3, ylast: 8, xcurr: 3, ycurr: 8
Avatar Id: 1, Move: 0
xlast: 9, ylast: 7, xcurr: 9, ycurr: 7
Avatar Id: 0, Move: 3
xlast: 3, ylast: 8, xcurr: 3, ycurr: 8
Avatar Id: 1, Move: 2
xlast: 9, ylast: 7, xcurr: 9, ycurr: 7
Avatar Id: 0, Move: 3
xlast: 3, ylast: 8, xcurr: 3, ycurr: 8
Avatar Id: 1, Move: 3
xlast: 9, ylast: 7, xcurr: 9, ycurr: 7
Avatar Id: 0, Move: 3
xlast: 3, ylast: 8, xcurr: 3, ycurr: 8
Avatar Id: 1, Move: 2
xlast: 9, ylast: 7, xcurr: 10, ycurr: 7
Avatar Id: 0, Move: 3
xlast: 3, ylast: 8, xcurr: 3, ycurr: 8
Avatar Id: 1, Move: 0
xlast: 10, ylast: 7, xcurr: 10, ycurr: 8
Avatar Id: 0, Move: 3
xlast: 3, ylast: 8, xcurr: 3, ycurr: 8
Avatar Id: 1, Move: 2
xlast: 10, ylast: 8, xcurr: 10, ycurr: 8
Avatar Id: 0, Move: 3
xlast: 3, ylast: 8, xcurr: 3, ycurr: 8
Avatar Id: 1, Move: 3
xlast: 10, ylast: 8, xcurr: 10, ycurr: 8
Avatar Id: 0, Move: 3
xlast: 3, ylast: 8, xcurr: 3, ycurr: 8
Avatar Id: 1, Move: 2
xlast: 10, ylast: 8, xcurr: 11, ycurr: 8
Avatar Id: 0, Move: 3
xlast: 3, ylast: 8, xcurr: 3, ycurr: 8
Avatar Id: 1, Move: 0
xlast: 11, ylast: 8, xcurr: 11, ycurr: 9
Avatar Id: 0, Move: 3
xlast: 3, ylast: 8, xcurr: 3, ycurr: 8
Avatar Id: 1, Move: 1
xlast: 11, ylast: 9, xcurr: 10, ycurr: 9
Avatar Id: 0, Move: 3
xlast: 3, ylast: 8, xcurr: 3, ycurr: 8
Avatar Id: 1, Move: 0
xlast: 10, ylast: 9, xcurr: 10, ycurr: 9
Avatar Id: 0, Move: 3
xlast: 3, ylast: 8, xcurr: 3, ycurr: 8
Avatar Id: 1, Move: 1
xlast: 10, ylast: 9, xcurr: 9, ycurr: 9
Avatar Id: 0, Move: 3
xlast: 3, ylast: 8, xcurr: 3, ycurr: 8
Avatar Id: 1, Move: 3
xlast: 9, ylast: 9, xcurr: 9, ycurr: 8
Avatar Id: 0, Move: 3
xlast: 3, ylast: 8, xcurr: 3, ycurr: 8
Avatar Id: 1, Move: 1
xlast: 9, ylast: 8, xcurr: 9, ycurr: 8
Avatar Id: 0, Move: 3
xlast: 3, ylast: 8, xcurr: 3, ycurr: 8
Avatar Id: 1, Move: 0
xlast: 9, ylast: 8, xcurr: 9, ycurr: 8
Avatar Id: 0, Move: 3
xlast: 3, ylast: 8, xcurr: 3, ycurr: 8
Avatar Id: 1, Move: 1
xlast: 9, ylast: 8, xcurr: 8, ycurr: 8
Avatar Id: 0, Move: 3
xlast: 3, ylast: 8, xcurr: 3, ycurr: 8
Avatar Id: 1, Move: 3
xlast: 8, ylast: 8, xcurr: 8, ycurr: 7
Avatar Id: 0, Move: 3
xlast: 3, ylast: 8, xcurr: 3, ycurr: 8
Avatar Id: 1, Move: 1
xlast: 8, ylast: 7, xcurr: 8, ycurr: 7
Avatar Id: 0, Move: 3
xlast: 3, ylast: 8, xcurr: 3, ycurr: 8
Avatar Id: 1, Move: 3
xlast: 8, ylast: 7, xcurr: 8, ycurr: 6
Avatar Id: 0, Move: 3
xlast: 3, ylast: 8, xcurr: 3, ycurr: 8
Avatar Id: 1, Move: 2
xlast: 8, ylast: 6, xcurr: 9, ycurr: 6
Avatar Id: 0, Move: 3
xlast: 3, ylast: 8, xcurr: 3, ycurr: 8
Avatar Id: 1, Move: 3
xlast: 9, ylast: 6, xcurr: 9, ycurr: 6
Avatar Id: 0, Move: 3
xlast: 3, ylast: 8, xcurr: 3, ycurr: 8
Avatar Id: 1, Move: 1
xlast: 9, ylast: 6, xcurr: 9, ycurr: 6
Avatar Id: 0, Move: 3
xlast: 3, ylast: 8, xcurr: 3, ycurr: 8
Avatar Id: 1, Move: 3
xlast: 9, ylast: 6, xcurr: 9, ycurr: 5
Avatar Id: 0, Move: 3
xlast: 3, ylast: 8, xcurr: 3, ycurr: 8
Avatar Id: 1, Move: 1
xlast: 9, ylast: 5, xcurr: 9, ycurr: 5
Avatar Id: 0, Move: 3
xlast: 3, ylast: 8, xcurr: 3, ycurr: 8
Avatar Id: 1, Move: 0
xlast: 9, ylast: 5, xcurr: 9, ycurr: 5
Avatar Id: 0, Move: 3
xlast: 3, ylast: 8, xcurr: 3, ycurr: 8
Avatar Id: 1, Move: 1
xlast: 9, ylast: 5, xcurr: 8, ycurr: 5
Avatar Id: 0, Move: 3
xlast: 3, ylast: 8, xcurr: 3, ycurr: 8
Avatar Id: 1, Move: 0
xlast: 8, ylast: 5, xcurr: 8, ycurr: 5
Avatar Id: 0, Move: 3
xlast: 3, ylast: 8, xcurr: 3, ycurr: 8
Avatar Id: 1, Move: 1
xlast: 8, ylast: 5, xcurr: 7, ycurr: 5
Avatar Id: 0, Move: 3
xlast: 3, ylast: 8, xcurr: 3, ycurr: 8
Avatar Id: 1, Move: 0
xlast: 7, ylast: 5, xcurr: 7, ycurr: 5
Avatar Id: 0, Move: 3
xlast: 3, ylast: 8, xcurr: 3, ycurr: 8
Avatar Id: 1, Move: 2
xlast: 7, ylast: 5, xcurr: 7, ycurr: 5
Avatar Id: 0, Move: 3
xlast: 3, ylast: 8, xcurr: 3, ycurr: 8
Avatar Id: 1, Move: 0
xlast: 7, ylast: 5, xcurr: 7, ycurr: 6
Avatar Id: 0, Move: 3
xlast: 3, ylast: 8, xcurr: 3, ycurr: 8
Avatar Id: 1, Move: 2
xlast: 7, ylast: 6, xcurr: 7, ycurr: 6
Avatar Id: 0, Move: 3
xlast: 3, ylast: 8, xcurr: 3, ycurr: 8
Avatar Id: 1, Move: 0
xlast: 7, ylast: 6, xcurr: 7, ycurr: 7
Avatar Id: 0, Move: 3
xlast: 3, ylast: 8, xcurr: 3, ycurr: 8
Avatar Id: 1, Move: 1
xlast: 7, ylast: 7, xcurr: 6, ycurr: 7
Avatar Id: 0, Move: 3
xlast: 3, ylast: 8, xcurr: 3, ycurr: 8
Avatar Id: 1, Move: 0
xlast: 6, ylast: 7, xcurr: 6, ycurr: 7
Avatar Id: 0, Move: 3
xlast: 3, ylast: 8, xcurr: 3, ycurr: 8
Avatar Id: 1, Move: 2
xlast: 6, ylast: 7, xcurr: 6, ycurr: 7
Avatar Id: 0, Move: 3
xlast: 3, ylast: 8, xcurr: 3, ycurr: 8
Avatar Id: 1, Move: 0
xlast: 6, ylast: 7, xcurr: 6, ycurr: 8
Avatar Id: 0, Move: 3
xlast: 3, ylast: 8, xcurr: 3, ycurr: 8
Avatar Id: 1, Move: 1
xlast: 6, ylast: 8, xcurr: 5, ycurr: 8
Avatar Id: 0, Move: 3
xlast: 3, ylast: 8, xcurr: 3, ycurr: 8
Avatar Id: 1, Move: 0
xlast: 5, ylast: 8, xcurr: 5, ycurr: 8
Avatar Id: 0, Move: 3
xlast: 3, ylast: 8, xcurr: 3, ycurr: 8
Avatar Id: 1, Move: 1
xlast: 5, ylast: 8, xcurr: 4, ycurr: 8
Avatar Id: 0, Move: 3
xlast: 3, ylast: 8, xcurr: 3, ycurr: 8
Avatar Id: 1, Move: 3
xlast: 4, ylast: 8, xcurr: 4, ycurr: 7
Avatar Id: 0, Move: 3
xlast: 3, ylast: 8, xcurr: 3, ycurr: 8
Avatar Id: 1, Move: 1
xlast: 4, ylast: 7, xcurr: 4, ycurr: 7
Avatar Id: 0, Move: 3
xlast: 3, ylast: 8, xcurr: 3, ycurr: 8
Avatar Id: 1, Move: 3
xlast: 4, ylast: 7, xcurr: 4, ycurr: 6
Avatar Id: 0, Move: 3
xlast: 3, ylast: 8, xcurr: 3, ycurr: 8
Avatar Id: 1, Move: 1
xlast: 4, ylast: 6, xcurr: 4, ycurr: 6
Avatar Id: 0, Move: 3
xlast: 3, ylast: 8, xcurr: 3, ycurr: 8
Avatar Id: 1, Move: 0
xlast: 4, ylast: 6, xcurr: 4, ycurr: 6
Avatar Id: 0, Move: 3
xlast: 3, ylast: 8, xcurr: 3, ycurr: 8
Avatar Id: 1, Move: 1
xlast: 4, ylast: 6, xcurr: 3, ycurr: 6
Avatar Id: 0, Move: 3
xlast: 3, ylast: 8, xcurr: 3, ycurr: 8
Avatar Id: 1, Move: 0
xlast: 3, ylast: 6, xcurr: 3, ycurr: 6
Avatar Id: 0, Move: 3
xlast: 3, ylast: 8, xcurr: 3, ycurr: 8
Avatar Id: 1, Move: 2
xlast: 3, ylast: 6, xcurr: 3, ycurr: 6
Avatar Id: 0, Move: 3
xlast: 3, ylast: 8, xcurr: 3, ycurr: 8
Avatar Id: 1, Move: 0
xlast: 3, ylast: 6, xcurr: 3, ycurr: 7
Avatar Id: 0, Move: 3
xlast: 3, ylast: 8, xcurr: 3, ycurr: 8
Avatar Id: 1, Move: 2
xlast: 3, ylast: 7, xcurr: 3, ycurr: 7
Solved the maze at Wed May 28 16:36:09 2014
!
