janiceyip, 54378, Wed May 28 00:28:30 2014

Avatar Id: 0, Move: 3
xlast: -1, ylast: -1, xcurr: 2, ycurr: 0
Avatar Id: 1, Move: 3
xlast: -1, ylast: -1, xcurr: 2, ycurr: 5
Avatar Id: 0, Move: 2
xlast: 2, ylast: 0, xcurr: 3, ycurr: 0
Avatar Id: 1, Move: 1
xlast: 2, ylast: 5, xcurr: 2, ycurr: 5
Avatar Id: 0, Move: 3
xlast: 3, ylast: 0, xcurr: 3, ycurr: 0
Avatar Id: 1, Move: 0
xlast: 2, ylast: 5, xcurr: 2, ycurr: 5
Avatar Id: 0, Move: 1
xlast: 3, ylast: 0, xcurr: 3, ycurr: 0
Avatar Id: 1, Move: 1
xlast: 2, ylast: 5, xcurr: 1, ycurr: 5
Avatar Id: 0, Move: 0
xlast: 3, ylast: 0, xcurr: 3, ycurr: 0
Avatar Id: 1, Move: 0
xlast: 1, ylast: 5, xcurr: 1, ycurr: 5
Avatar Id: 0, Move: 1
xlast: 3, ylast: 0, xcurr: 2, ycurr: 0
Avatar Id: 1, Move: 2
xlast: 1, ylast: 5, xcurr: 1, ycurr: 5
Avatar Id: 0, Move: 0
xlast: 2, ylast: 0, xcurr: 2, ycurr: 0
Avatar Id: 1, Move: 0
xlast: 1, ylast: 5, xcurr: 1, ycurr: 6
Avatar Id: 0, Move: 1
xlast: 2, ylast: 0, xcurr: 1, ycurr: 0
Avatar Id: 1, Move: 1
xlast: 1, ylast: 6, xcurr: 0, ycurr: 6
Avatar Id: 0, Move: 0
xlast: 1, ylast: 0, xcurr: 1, ycurr: 0
Avatar Id: 1, Move: 3
xlast: 0, ylast: 6, xcurr: 0, ycurr: 5
Avatar Id: 0, Move: 2
xlast: 1, ylast: 0, xcurr: 1, ycurr: 0
Avatar Id: 1, Move: 1
xlast: 0, ylast: 5, xcurr: 0, ycurr: 5
Avatar Id: 0, Move: 0
xlast: 1, ylast: 0, xcurr: 1, ycurr: 1
Avatar Id: 1, Move: 3
xlast: 0, ylast: 5, xcurr: 0, ycurr: 4
Avatar Id: 0, Move: 2
xlast: 1, ylast: 1, xcurr: 1, ycurr: 1
Avatar Id: 1, Move: 1
xlast: 0, ylast: 4, xcurr: 0, ycurr: 4
Avatar Id: 0, Move: 0
xlast: 1, ylast: 1, xcurr: 1, ycurr: 2
Avatar Id: 1, Move: 3
xlast: 0, ylast: 4, xcurr: 0, ycurr: 3
Avatar Id: 0, Move: 1
xlast: 1, ylast: 2, xcurr: 0, ycurr: 2
Avatar Id: 1, Move: 1
xlast: 0, ylast: 3, xcurr: 0, ycurr: 3
Avatar Id: 0, Move: 3
xlast: 0, ylast: 2, xcurr: 0, ycurr: 1
Avatar Id: 1, Move: 3
xlast: 0, ylast: 3, xcurr: 0, ycurr: 2
Avatar Id: 0, Move: 1
xlast: 0, ylast: 1, xcurr: 0, ycurr: 1
Avatar Id: 1, Move: 2
xlast: 0, ylast: 2, xcurr: 1, ycurr: 2
Avatar Id: 0, Move: 3
xlast: 0, ylast: 1, xcurr: 0, ycurr: 0
Avatar Id: 1, Move: 3
xlast: 1, ylast: 2, xcurr: 1, ycurr: 2
Avatar Id: 0, Move: 1
xlast: 0, ylast: 0, xcurr: 0, ycurr: 0
Avatar Id: 1, Move: 2
xlast: 1, ylast: 2, xcurr: 2, ycurr: 2
Avatar Id: 0, Move: 0
xlast: 0, ylast: 0, xcurr: 0, ycurr: 0
Avatar Id: 1, Move: 2
xlast: 2, ylast: 2, xcurr: 2, ycurr: 2
Avatar Id: 0, Move: 2
xlast: 0, ylast: 0, xcurr: 0, ycurr: 0
Avatar Id: 1, Move: 2
xlast: 2, ylast: 2, xcurr: 2, ycurr: 2
Avatar Id: 0, Move: 0
xlast: 0, ylast: 0, xcurr: 0, ycurr: 1
Avatar Id: 1, Move: 2
xlast: 2, ylast: 2, xcurr: 2, ycurr: 2
Avatar Id: 0, Move: 2
xlast: 0, ylast: 1, xcurr: 0, ycurr: 1
Avatar Id: 1, Move: 2
xlast: 2, ylast: 2, xcurr: 2, ycurr: 2
Avatar Id: 0, Move: 0
xlast: 0, ylast: 1, xcurr: 0, ycurr: 2
Avatar Id: 1, Move: 2
xlast: 2, ylast: 2, xcurr: 2, ycurr: 2
Avatar Id: 0, Move: 2
xlast: 0, ylast: 2, xcurr: 0, ycurr: 2
Avatar Id: 1, Move: 2
xlast: 2, ylast: 2, xcurr: 2, ycurr: 2
Avatar Id: 0, Move: 0
xlast: 0, ylast: 2, xcurr: 0, ycurr: 3
Avatar Id: 1, Move: 2
xlast: 2, ylast: 2, xcurr: 2, ycurr: 2
Avatar Id: 0, Move: 2
xlast: 0, ylast: 3, xcurr: 0, ycurr: 3
Avatar Id: 1, Move: 2
xlast: 2, ylast: 2, xcurr: 2, ycurr: 2
Avatar Id: 0, Move: 0
xlast: 0, ylast: 3, xcurr: 0, ycurr: 4
Avatar Id: 1, Move: 2
xlast: 2, ylast: 2, xcurr: 2, ycurr: 2
Avatar Id: 0, Move: 2
xlast: 0, ylast: 4, xcurr: 0, ycurr: 4
Avatar Id: 1, Move: 2
xlast: 2, ylast: 2, xcurr: 2, ycurr: 2
Avatar Id: 0, Move: 0
xlast: 0, ylast: 4, xcurr: 0, ycurr: 5
Avatar Id: 1, Move: 2
xlast: 2, ylast: 2, xcurr: 2, ycurr: 2
Avatar Id: 0, Move: 2
xlast: 0, ylast: 5, xcurr: 0, ycurr: 5
Avatar Id: 1, Move: 2
xlast: 2, ylast: 2, xcurr: 2, ycurr: 2
Avatar Id: 0, Move: 0
xlast: 0, ylast: 5, xcurr: 0, ycurr: 6
Avatar Id: 1, Move: 2
xlast: 2, ylast: 2, xcurr: 2, ycurr: 2
Avatar Id: 0, Move: 2
xlast: 0, ylast: 6, xcurr: 0, ycurr: 6
Avatar Id: 1, Move: 2
xlast: 2, ylast: 2, xcurr: 2, ycurr: 2
Avatar Id: 0, Move: 3
xlast: 0, ylast: 6, xcurr: 0, ycurr: 6
Avatar Id: 1, Move: 2
xlast: 2, ylast: 2, xcurr: 2, ycurr: 2
Avatar Id: 0, Move: 2
xlast: 0, ylast: 6, xcurr: 1, ycurr: 6
Avatar Id: 1, Move: 2
xlast: 2, ylast: 2, xcurr: 2, ycurr: 2
Avatar Id: 0, Move: 3
xlast: 1, ylast: 6, xcurr: 1, ycurr: 6
Avatar Id: 1, Move: 2
xlast: 2, ylast: 2, xcurr: 2, ycurr: 2
Avatar Id: 0, Move: 1
xlast: 1, ylast: 6, xcurr: 1, ycurr: 6
Avatar Id: 1, Move: 2
xlast: 2, ylast: 2, xcurr: 2, ycurr: 2
Avatar Id: 0, Move: 3
xlast: 1, ylast: 6, xcurr: 1, ycurr: 5
Avatar Id: 1, Move: 2
xlast: 2, ylast: 2, xcurr: 2, ycurr: 2
Avatar Id: 0, Move: 2
xlast: 1, ylast: 5, xcurr: 2, ycurr: 5
Avatar Id: 1, Move: 2
xlast: 2, ylast: 2, xcurr: 2, ycurr: 2
Avatar Id: 0, Move: 0
xlast: 2, ylast: 5, xcurr: 2, ycurr: 6
Avatar Id: 1, Move: 2
xlast: 2, ylast: 2, xcurr: 2, ycurr: 2
Avatar Id: 0, Move: 2
xlast: 2, ylast: 6, xcurr: 2, ycurr: 6
Avatar Id: 1, Move: 2
xlast: 2, ylast: 2, xcurr: 2, ycurr: 2
Avatar Id: 0, Move: 0
xlast: 2, ylast: 6, xcurr: 2, ycurr: 7
Avatar Id: 1, Move: 2
xlast: 2, ylast: 2, xcurr: 2, ycurr: 2
Avatar Id: 0, Move: 2
xlast: 2, ylast: 7, xcurr: 2, ycurr: 7
Avatar Id: 1, Move: 2
xlast: 2, ylast: 2, xcurr: 2, ycurr: 2
Avatar Id: 0, Move: 0
xlast: 2, ylast: 7, xcurr: 2, ycurr: 8
Avatar Id: 1, Move: 2
xlast: 2, ylast: 2, xcurr: 2, ycurr: 2
Avatar Id: 0, Move: 1
xlast: 2, ylast: 8, xcurr: 1, ycurr: 8
Avatar Id: 1, Move: 2
xlast: 2, ylast: 2, xcurr: 2, ycurr: 2
Avatar Id: 0, Move: 3
xlast: 1, ylast: 8, xcurr: 1, ycurr: 7
Avatar Id: 1, Move: 2
xlast: 2, ylast: 2, xcurr: 2, ycurr: 2
Avatar Id: 0, Move: 1
xlast: 1, ylast: 7, xcurr: 1, ycurr: 7
Avatar Id: 1, Move: 2
xlast: 2, ylast: 2, xcurr: 2, ycurr: 2
Avatar Id: 0, Move: 0
xlast: 1, ylast: 7, xcurr: 1, ycurr: 7
Avatar Id: 1, Move: 2
xlast: 2, ylast: 2, xcurr: 2, ycurr: 2
Avatar Id: 0, Move: 1
xlast: 1, ylast: 7, xcurr: 0, ycurr: 7
Avatar Id: 1, Move: 2
xlast: 2, ylast: 2, xcurr: 2, ycurr: 2
Avatar Id: 0, Move: 0
xlast: 0, ylast: 7, xcurr: 0, ycurr: 7
Avatar Id: 1, Move: 2
xlast: 2, ylast: 2, xcurr: 2, ycurr: 2
Avatar Id: 0, Move: 2
xlast: 0, ylast: 7, xcurr: 0, ycurr: 7
Avatar Id: 1, Move: 2
xlast: 2, ylast: 2, xcurr: 2, ycurr: 2
Avatar Id: 0, Move: 0
xlast: 0, ylast: 7, xcurr: 0, ycurr: 8
Avatar Id: 1, Move: 2
xlast: 2, ylast: 2, xcurr: 2, ycurr: 2
Avatar Id: 0, Move: 2
xlast: 0, ylast: 8, xcurr: 0, ycurr: 8
Avatar Id: 1, Move: 2
xlast: 2, ylast: 2, xcurr: 2, ycurr: 2
Avatar Id: 0, Move: 3
xlast: 0, ylast: 8, xcurr: 0, ycurr: 8
Avatar Id: 1, Move: 2
xlast: 2, ylast: 2, xcurr: 2, ycurr: 2
Avatar Id: 0, Move: 1
xlast: 0, ylast: 8, xcurr: 0, ycurr: 8
Avatar Id: 1, Move: 2
xlast: 2, ylast: 2, xcurr: 2, ycurr: 2
Avatar Id: 0, Move: 3
xlast: 0, ylast: 8, xcurr: 0, ycurr: 7
Avatar Id: 1, Move: 2
xlast: 2, ylast: 2, xcurr: 2, ycurr: 2
Avatar Id: 0, Move: 2
xlast: 0, ylast: 7, xcurr: 1, ycurr: 7
Avatar Id: 1, Move: 2
xlast: 2, ylast: 2, xcurr: 2, ycurr: 2
Avatar Id: 0, Move: 0
xlast: 1, ylast: 7, xcurr: 1, ycurr: 8
Avatar Id: 1, Move: 2
xlast: 2, ylast: 2, xcurr: 2, ycurr: 2
Avatar Id: 0, Move: 2
xlast: 1, ylast: 8, xcurr: 1, ycurr: 8
Avatar Id: 1, Move: 2
xlast: 2, ylast: 2, xcurr: 2, ycurr: 2
Avatar Id: 0, Move: 3
xlast: 1, ylast: 8, xcurr: 1, ycurr: 8
Avatar Id: 1, Move: 2
xlast: 2, ylast: 2, xcurr: 2, ycurr: 2
Avatar Id: 0, Move: 2
xlast: 1, ylast: 8, xcurr: 2, ycurr: 8
Avatar Id: 1, Move: 2
xlast: 2, ylast: 2, xcurr: 2, ycurr: 2
Avatar Id: 0, Move: 3
xlast: 2, ylast: 8, xcurr: 2, ycurr: 8
Avatar Id: 1, Move: 2
xlast: 2, ylast: 2, xcurr: 2, ycurr: 2
Avatar Id: 0, Move: 2
xlast: 2, ylast: 8, xcurr: 3, ycurr: 8
Avatar Id: 1, Move: 2
xlast: 2, ylast: 2, xcurr: 2, ycurr: 2
Avatar Id: 0, Move: 3
xlast: 3, ylast: 8, xcurr: 3, ycurr: 8
Avatar Id: 1, Move: 2
xlast: 2, ylast: 2, xcurr: 2, ycurr: 2
Avatar Id: 0, Move: 2
xlast: 3, ylast: 8, xcurr: 4, ycurr: 8
Avatar Id: 1, Move: 2
xlast: 2, ylast: 2, xcurr: 2, ycurr: 2
Avatar Id: 0, Move: 3
xlast: 4, ylast: 8, xcurr: 4, ycurr: 8
Avatar Id: 1, Move: 2
xlast: 2, ylast: 2, xcurr: 2, ycurr: 2
Avatar Id: 0, Move: 2
xlast: 4, ylast: 8, xcurr: 5, ycurr: 8
Avatar Id: 1, Move: 2
xlast: 2, ylast: 2, xcurr: 2, ycurr: 2
Avatar Id: 0, Move: 3
xlast: 5, ylast: 8, xcurr: 5, ycurr: 8
Avatar Id: 1, Move: 2
xlast: 2, ylast: 2, xcurr: 2, ycurr: 2
Avatar Id: 0, Move: 1
xlast: 5, ylast: 8, xcurr: 5, ycurr: 8
Avatar Id: 1, Move: 2
xlast: 2, ylast: 2, xcurr: 2, ycurr: 2
Avatar Id: 0, Move: 3
xlast: 5, ylast: 8, xcurr: 5, ycurr: 7
Avatar Id: 1, Move: 2
xlast: 2, ylast: 2, xcurr: 2, ycurr: 2
Avatar Id: 0, Move: 1
xlast: 5, ylast: 7, xcurr: 5, ycurr: 7
Avatar Id: 1, Move: 2
xlast: 2, ylast: 2, xcurr: 2, ycurr: 2
Avatar Id: 0, Move: 0
xlast: 5, ylast: 7, xcurr: 5, ycurr: 7
Avatar Id: 1, Move: 2
xlast: 2, ylast: 2, xcurr: 2, ycurr: 2
Avatar Id: 0, Move: 2
xlast: 5, ylast: 7, xcurr: 5, ycurr: 7
Avatar Id: 1, Move: 2
xlast: 2, ylast: 2, xcurr: 2, ycurr: 2
Avatar Id: 0, Move: 0
xlast: 5, ylast: 7, xcurr: 5, ycurr: 8
Avatar Id: 1, Move: 2
xlast: 2, ylast: 2, xcurr: 2, ycurr: 2
Avatar Id: 0, Move: 1
xlast: 5, ylast: 8, xcurr: 4, ycurr: 8
Avatar Id: 1, Move: 2
xlast: 2, ylast: 2, xcurr: 2, ycurr: 2
Avatar Id: 0, Move: 0
xlast: 4, ylast: 8, xcurr: 4, ycurr: 8
Avatar Id: 1, Move: 2
xlast: 2, ylast: 2, xcurr: 2, ycurr: 2
Avatar Id: 0, Move: 1
xlast: 4, ylast: 8, xcurr: 3, ycurr: 8
Avatar Id: 1, Move: 2
xlast: 2, ylast: 2, xcurr: 2, ycurr: 2
Avatar Id: 0, Move: 0
xlast: 3, ylast: 8, xcurr: 3, ycurr: 8
Avatar Id: 1, Move: 2
xlast: 2, ylast: 2, xcurr: 2, ycurr: 2
Avatar Id: 0, Move: 1
xlast: 3, ylast: 8, xcurr: 2, ycurr: 8
Avatar Id: 1, Move: 2
xlast: 2, ylast: 2, xcurr: 2, ycurr: 2
Avatar Id: 0, Move: 3
xlast: 2, ylast: 8, xcurr: 2, ycurr: 7
Avatar Id: 1, Move: 2
xlast: 2, ylast: 2, xcurr: 2, ycurr: 2
Avatar Id: 0, Move: 1
xlast: 2, ylast: 7, xcurr: 2, ycurr: 7
Avatar Id: 1, Move: 2
xlast: 2, ylast: 2, xcurr: 2, ycurr: 2
Avatar Id: 0, Move: 3
xlast: 2, ylast: 7, xcurr: 2, ycurr: 6
Avatar Id: 1, Move: 2
xlast: 2, ylast: 2, xcurr: 2, ycurr: 2
Avatar Id: 0, Move: 1
xlast: 2, ylast: 6, xcurr: 2, ycurr: 6
Avatar Id: 1, Move: 2
xlast: 2, ylast: 2, xcurr: 2, ycurr: 2
Avatar Id: 0, Move: 3
xlast: 2, ylast: 6, xcurr: 2, ycurr: 5
Avatar Id: 1, Move: 2
xlast: 2, ylast: 2, xcurr: 2, ycurr: 2
Avatar Id: 0, Move: 1
xlast: 2, ylast: 5, xcurr: 2, ycurr: 5
Avatar Id: 1, Move: 2
xlast: 2, ylast: 2, xcurr: 2, ycurr: 2
Avatar Id: 0, Move: 0
xlast: 2, ylast: 5, xcurr: 2, ycurr: 5
Avatar Id: 1, Move: 2
xlast: 2, ylast: 2, xcurr: 2, ycurr: 2
Avatar Id: 0, Move: 1
xlast: 2, ylast: 5, xcurr: 1, ycurr: 5
Avatar Id: 1, Move: 2
xlast: 2, ylast: 2, xcurr: 2, ycurr: 2
Avatar Id: 0, Move: 0
xlast: 1, ylast: 5, xcurr: 1, ycurr: 5
Avatar Id: 1, Move: 2
xlast: 2, ylast: 2, xcurr: 2, ycurr: 2
Avatar Id: 0, Move: 2
xlast: 1, ylast: 5, xcurr: 1, ycurr: 5
Avatar Id: 1, Move: 2
xlast: 2, ylast: 2, xcurr: 2, ycurr: 2
Avatar Id: 0, Move: 0
xlast: 1, ylast: 5, xcurr: 1, ycurr: 6
Avatar Id: 1, Move: 2
xlast: 2, ylast: 2, xcurr: 2, ycurr: 2
Avatar Id: 0, Move: 1
xlast: 1, ylast: 6, xcurr: 0, ycurr: 6
Avatar Id: 1, Move: 2
xlast: 2, ylast: 2, xcurr: 2, ycurr: 2
Avatar Id: 0, Move: 3
xlast: 0, ylast: 6, xcurr: 0, ycurr: 5
Avatar Id: 1, Move: 2
xlast: 2, ylast: 2, xcurr: 2, ycurr: 2
Avatar Id: 0, Move: 1
xlast: 0, ylast: 5, xcurr: 0, ycurr: 5
Avatar Id: 1, Move: 2
xlast: 2, ylast: 2, xcurr: 2, ycurr: 2
Avatar Id: 0, Move: 3
xlast: 0, ylast: 5, xcurr: 0, ycurr: 4
Avatar Id: 1, Move: 2
xlast: 2, ylast: 2, xcurr: 2, ycurr: 2
Avatar Id: 0, Move: 1
xlast: 0, ylast: 4, xcurr: 0, ycurr: 4
Avatar Id: 1, Move: 2
xlast: 2, ylast: 2, xcurr: 2, ycurr: 2
Avatar Id: 0, Move: 3
xlast: 0, ylast: 4, xcurr: 0, ycurr: 3
Avatar Id: 1, Move: 2
xlast: 2, ylast: 2, xcurr: 2, ycurr: 2
Avatar Id: 0, Move: 1
xlast: 0, ylast: 3, xcurr: 0, ycurr: 3
Avatar Id: 1, Move: 2
xlast: 2, ylast: 2, xcurr: 2, ycurr: 2
Avatar Id: 0, Move: 3
xlast: 0, ylast: 3, xcurr: 0, ycurr: 2
Avatar Id: 1, Move: 2
xlast: 2, ylast: 2, xcurr: 2, ycurr: 2
Avatar Id: 0, Move: 2
xlast: 0, ylast: 2, xcurr: 1, ycurr: 2
Avatar Id: 1, Move: 2
xlast: 2, ylast: 2, xcurr: 2, ycurr: 2
Avatar Id: 0, Move: 3
xlast: 1, ylast: 2, xcurr: 1, ycurr: 2
Solved the maze at Wed May 28 00:28:39 2014
!
